#
# A fatal error has been detected by the Java Runtime Environment:
#
#  EXCEPTION_ACCESS_VIOLATION (0xc0000005) at pc=0x00007ffe9f649fe2, pid=420, tid=864
#
# JRE version: Java(TM) SE Runtime Environment (8.0_25-b18) (build 1.8.0_25-b18)
# Java VM: Java HotSpot(TM) 64-Bit Server VM (25.25-b02 mixed mode windows-amd64 compressed oops)
# Problematic frame:
# C  [twitchsdk.dll+0x89fe2]
#
# Failed to write core dump. Minidumps are not enabled by default on client versions of Windows
#
# If you would like to submit a bug report, please visit:
#   http://bugreport.sun.com/bugreport/crash.jsp
#

---------------  T H R E A D  ---------------

Current thread (0x0000000015cd4800):  VMThread [stack: 0x0000000016d70000,0x0000000016e70000] [id=864]

siginfo: ExceptionCode=0xc0000005, reading address 0x0000000000000000

Registers:
RAX=0x00007ffe9f6b9858, RBX=0x0000000021a79370, RCX=0x0000000000000000, RDX=0x0000000018731ca8
RSP=0x0000000016e6f4f0, RBP=0x0000000015be5400, RSI=0x0000000021a792d0, RDI=0x0000000021d354c0
R8 =0x0000000000181e00, R9 =0x0000000000000000, R10=0x0000000000000000, R11=0x0000000000000064
R12=0x0000000021d353f0, R13=0x0000000000000000, R14=0x0000000000000001, R15=0x0000000021d354e0
RIP=0x00007ffe9f649fe2, EFLAGS=0x0000000000010202

Top of Stack: (sp=0x0000000016e6f4f0)
0x0000000016e6f4f0:   0000000015be5400 00007ffe9f5ce1ae
0x0000000016e6f500:   00000000005d4fe0 0000000021cdf450
0x0000000016e6f510:   fffffffffffffffe 0000000021d354c0
0x0000000016e6f520:   0000000021a79360 00007ffe9f613b79
0x0000000016e6f530:   0000000021a79370 00007ffe9f5ce1ae
0x0000000016e6f540:   0000000021ce0640 0000000021ce0640
0x0000000016e6f550:   0000000021ce0db0 0000000021d1dde0
0x0000000016e6f560:   0000000021d354c0 00007ffe9f64a0de
0x0000000016e6f570:   0000000021ce0640 0000000021a792d0
0x0000000016e6f580:   0000000021d1df40 00007ffec24b2827
0x0000000016e6f590:   0000000021d354c0 00007ffe9f69d965
0x0000000016e6f5a0:   0000000021d1df30 0000000021d353f0
0x0000000016e6f5b0:   0000000000000000 0000000021ce0020
0x0000000016e6f5c0:   00007ffe9f69d940 00007ffe9f66781f
0x0000000016e6f5d0:   0000000021d354c0 00007ffe1a1a928b
0x0000000016e6f5e0:   0000000000000000 0000000000000001 

Instructions: (pc=0x00007ffe9f649fe2)
0x00007ffe9f649fc2:   10 48 89 5c 24 40 48 8d 05 89 f8 06 00 48 89 03
0x00007ffe9f649fd2:   48 8b 53 08 48 85 d2 74 18 48 8b 0d 3e cb 0c 00
0x00007ffe9f649fe2:   48 8b 01 ff 90 b0 00 00 00 48 c7 43 08 00 00 00
0x00007ffe9f649ff2:   00 48 8d 4b 10 48 83 c4 30 5b e9 5f f7 f7 ff cc 


Register to memory mapping:

RAX=0x00007ffe9f6b9858 is an unknown value
RBX=0x0000000021a79370 is an unknown value
RCX=0x0000000000000000 is an unknown value
RDX=0x0000000018731ca8 is a global jni handle
RSP=0x0000000016e6f4f0 is an unknown value
RBP=0x0000000015be5400 is an unknown value
RSI=0x0000000021a792d0 is an unknown value
RDI=0x0000000021d354c0 is an unknown value
R8 =0x0000000000181e00 is an unknown value
R9 =0x0000000000000000 is an unknown value
R10=0x0000000000000000 is an unknown value
R11=0x0000000000000064 is an unknown value
R12=0x0000000021d353f0 is an unknown value
R13=0x0000000000000000 is an unknown value
R14=0x0000000000000001 is an unknown value
R15=0x0000000021d354e0 is an unknown value


Stack: [0x0000000016d70000,0x0000000016e70000],  sp=0x0000000016e6f4f0,  free space=1021k
Native frames: (J=compiled Java code, j=interpreted, Vv=VM code, C=native code)
C  [twitchsdk.dll+0x89fe2]
C  [twitchsdk.dll+0x53b79]
C  [twitchsdk.dll+0x8a0de]
C  [twitchsdk.dll+0xdd965]
C  [twitchsdk.dll+0xa781f]
C  [twitchsdk.dll+0x9c43a]
C  [twitchsdk.dll+0x9c603]
C  [ntdll.dll+0x14fc8]
C  [ntdll.dll+0x5b01a]
C  [ntdll.dll+0x5aeaa]
C  [KERNEL32.DLL+0x24d8a]
C  [msvcr100.dll+0x20ccd]
V  [jvm.dll+0x1f9c55]
V  [jvm.dll+0x2325e7]
V  [jvm.dll+0x231826]
V  [jvm.dll+0x231cc1]
V  [jvm.dll+0x231ede]
V  [jvm.dll+0x2852fa]
C  [msvcr100.dll+0x21d9f]
C  [msvcr100.dll+0x21e3b]
C  [KERNEL32.DLL+0x18102]
C  [ntdll.dll+0x5c2e4]

VM_Operation (0x000000000238d920): Exit, mode: safepoint, requested by thread 0x0000000002397000


---------------  P R O C E S S  ---------------

Java Threads: ( => current thread )
  0x000000001afb0000 JavaThread "EDM Version Check" [_thread_blocked, id=3908, stack(0x0000000033710000,0x0000000033810000)]
  0x000000001afae800 JavaThread "Chunk Batcher 1" daemon [_thread_blocked, id=9676, stack(0x000000002f960000,0x000000002fa60000)]
  0x000000001afb0800 JavaThread "Chunk Batcher 0" daemon [_thread_blocked, id=10980, stack(0x000000002f860000,0x000000002f960000)]
  0x000000001afb2000 JavaThread "Thread-10" [_thread_blocked, id=4008, stack(0x000000002e440000,0x000000002e540000)]
  0x0000000018d0a800 JavaThread "Thread-9" [_thread_blocked, id=4356, stack(0x000000002e240000,0x000000002e340000)]
  0x000000001960a000 JavaThread "LWJGL Timer" daemon [_thread_blocked, id=10860, stack(0x000000001fe60000,0x000000001ff60000)]
  0x000000001b89c000 JavaThread "Thread-7" [_thread_blocked, id=8628, stack(0x000000001fb60000,0x000000001fc60000)]
  0x000000001c7e8000 JavaThread "Java2D Disposer" daemon [_thread_blocked, id=9344, stack(0x000000001d470000,0x000000001d570000)]
  0x000000001c35a000 JavaThread "Timer hack thread" daemon [_thread_blocked, id=4204, stack(0x000000001bbe0000,0x000000001bce0000)]
  0x000000001ec47800 JavaThread "Snooper Timer" daemon [_thread_blocked, id=13144, stack(0x000000001bae0000,0x000000001bbe0000)]
  0x00000000188fc800 JavaThread "Snooper Timer" daemon [_thread_blocked, id=11048, stack(0x000000001a7f0000,0x000000001a8f0000)]
  0x0000000017a69000 JavaThread "Service Thread" daemon [_thread_blocked, id=10528, stack(0x0000000018040000,0x0000000018140000)]
  0x0000000017a62000 JavaThread "C1 CompilerThread2" daemon [_thread_blocked, id=13124, stack(0x0000000017f40000,0x0000000018040000)]
  0x0000000017a61800 JavaThread "C2 CompilerThread1" daemon [_thread_blocked, id=13084, stack(0x0000000017e40000,0x0000000017f40000)]
  0x0000000015d3d800 JavaThread "C2 CompilerThread0" daemon [_thread_blocked, id=3816, stack(0x0000000017940000,0x0000000017a40000)]
  0x0000000015d32800 JavaThread "JDWP Command Reader" daemon [_thread_blocked, id=4308, stack(0x0000000017840000,0x0000000017940000)]
  0x0000000015d2f000 JavaThread "JDWP Event Helper Thread" daemon [_thread_blocked, id=12040, stack(0x0000000017740000,0x0000000017840000)]
  0x0000000015d20000 JavaThread "JDWP Transport Listener: dt_socket" daemon [_thread_blocked, id=10712, stack(0x0000000017270000,0x0000000017370000)]
  0x0000000015d15800 JavaThread "Attach Listener" daemon [_thread_blocked, id=12168, stack(0x0000000017170000,0x0000000017270000)]
  0x0000000015d14800 JavaThread "Signal Dispatcher" daemon [_thread_blocked, id=4776, stack(0x0000000017070000,0x0000000017170000)]
  0x0000000002488000 JavaThread "Finalizer" daemon [_thread_blocked, id=12800, stack(0x0000000016f70000,0x0000000017070000)]
  0x0000000002482800 JavaThread "Reference Handler" daemon [_thread_blocked, id=10920, stack(0x0000000016e70000,0x0000000016f70000)]
  0x0000000002397000 JavaThread "Client thread" [_thread_blocked, id=11176, stack(0x0000000002290000,0x0000000002390000)]

Other Threads:
=>0x0000000015cd4800 VMThread [stack: 0x0000000016d70000,0x0000000016e70000] [id=864]

VM state:at safepoint (shutting down)

VM Mutex/Monitor currently owned by a thread:  ([mutex/lock_event])
[0x0000000002393b10] Threads_lock - owner thread: 0x0000000015cd4800

Heap:
 PSYoungGen      total 449536K, used 207313K [0x00000000e0980000, 0x0000000100000000, 0x0000000100000000)
  eden space 421376K, 42% used [0x00000000e0980000,0x00000000eb875a80,0x00000000fa500000)
  from space 28160K, 99% used [0x00000000fca80000,0x00000000fe5feae0,0x00000000fe600000)
  to   space 38400K, 0% used [0x00000000fa500000,0x00000000fa500000,0x00000000fca80000)
 ParOldGen       total 177152K, used 119945K [0x00000000a1c00000, 0x00000000ac900000, 0x00000000e0980000)
  object space 177152K, 67% used [0x00000000a1c00000,0x00000000a9122748,0x00000000ac900000)
 Metaspace       used 38434K, capacity 38769K, committed 39296K, reserved 1083392K
  class space    used 4796K, capacity 4900K, committed 4992K, reserved 1048576K

Card table byte_map: [0x0000000011850000,0x0000000011b50000] byte_map_base: 0x0000000011342000

Marking Bits: (ParMarkBitMap*) 0x00000000530ed490
 Begin Bits: [0x0000000012150000, 0x00000000138e0000)
 End Bits:   [0x00000000138e0000, 0x0000000015070000)

Polling page: 0x0000000000520000

CodeCache: size=245760Kb used=16640Kb max_used=16640Kb free=229119Kb
 bounds [0x0000000002490000, 0x00000000034f0000, 0x0000000011490000]
 total_blobs=5095 nmethods=4391 adapters=625
 compilation: enabled

Compilation events (10 events):
Event: 52.700 Thread 0x0000000017a62000 5731       3       org.apache.logging.log4j.core.helpers.NameUtil::getSubName (32 bytes)
Event: 52.701 Thread 0x0000000017a62000 nmethod 5731 0x00000000034d9990 code [0x00000000034d9b20, 0x00000000034da0b8]
Event: 52.701 Thread 0x0000000017a62000 5729       3       org.apache.logging.log4j.core.layout.PatternLayout::toSerializable (6 bytes)
Event: 52.701 Thread 0x0000000017a62000 nmethod 5729 0x00000000034d9550 code [0x00000000034d96c0, 0x00000000034d98e8]
Event: 52.701 Thread 0x0000000017a62000 5730   !   3       org.apache.logging.log4j.core.pattern.DatePatternConverter::format (65 bytes)
Event: 52.702 Thread 0x0000000017a62000 nmethod 5730 0x00000000034ddd90 code [0x00000000034ddf80, 0x00000000034deaf8]
Event: 52.708 Thread 0x0000000017a62000 5732       3       java.util.logging.LogManager$LoggerContext::ensureDefaultLogger (70 bytes)
Event: 52.709 Thread 0x0000000017a62000 nmethod 5732 0x00000000034db990 code [0x00000000034dbb40, 0x00000000034dc3e8]
Event: 52.721 Thread 0x0000000017a62000 5733       3       java.util.LinkedHashMap::keySet (27 bytes)
Event: 52.721 Thread 0x0000000017a62000 nmethod 5733 0x00000000034db290 code [0x00000000034db420, 0x00000000034db7d0]

GC Heap History (10 events):
Event: 24.830 GC heap before
{Heap before GC invocations=19 (full 3):
 PSYoungGen      total 367616K, used 22521K [0x00000000e0980000, 0x00000000f9980000, 0x0000000100000000)
  eden space 345088K, 0% used [0x00000000e0980000,0x00000000e0980000,0x00000000f5a80000)
  from space 22528K, 99% used [0x00000000f7900000,0x00000000f8efe560,0x00000000f8f00000)
  to   space 31232K, 0% used [0x00000000f5a80000,0x00000000f5a80000,0x00000000f7900000)
 ParOldGen       total 98304K, used 89657K [0x00000000a1c00000, 0x00000000a7c00000, 0x00000000e0980000)
  object space 98304K, 91% used [0x00000000a1c00000,0x00000000a738e708,0x00000000a7c00000)
 Metaspace       used 31951K, capacity 32179K, committed 32512K, reserved 1077248K
  class space    used 3999K, capacity 4054K, committed 4096K, reserved 1048576K
Event: 25.330 GC heap after
Heap after GC invocations=19 (full 3):
 PSYoungGen      total 367616K, used 7533K [0x00000000e0980000, 0x00000000f9980000, 0x0000000100000000)
  eden space 345088K, 0% used [0x00000000e0980000,0x00000000e0980000,0x00000000f5a80000)
  from space 22528K, 33% used [0x00000000f7900000,0x00000000f805b568,0x00000000f8f00000)
  to   space 31232K, 0% used [0x00000000f5a80000,0x00000000f5a80000,0x00000000f7900000)
 ParOldGen       total 177152K, used 98197K [0x00000000a1c00000, 0x00000000ac900000, 0x00000000e0980000)
  object space 177152K, 55% used [0x00000000a1c00000,0x00000000a7be56e8,0x00000000ac900000)
 Metaspace       used 31951K, capacity 32179K, committed 32512K, reserved 1077248K
  class space    used 3999K, capacity 4054K, committed 4096K, reserved 1048576K
}
Event: 39.993 GC heap before
{Heap before GC invocations=20 (full 3):
 PSYoungGen      total 367616K, used 347177K [0x00000000e0980000, 0x00000000f9980000, 0x0000000100000000)
  eden space 345088K, 98% used [0x00000000e0980000,0x00000000f552ef20,0x00000000f5a80000)
  from space 22528K, 33% used [0x00000000f7900000,0x00000000f805b568,0x00000000f8f00000)
  to   space 31232K, 0% used [0x00000000f5a80000,0x00000000f5a80000,0x00000000f7900000)
 ParOldGen       total 177152K, used 98197K [0x00000000a1c00000, 0x00000000ac900000, 0x00000000e0980000)
  object space 177152K, 55% used [0x00000000a1c00000,0x00000000a7be56e8,0x00000000ac900000)
 Metaspace       used 35057K, capacity 35267K, committed 35456K, reserved 1081344K
  class space    used 4384K, capacity 4480K, committed 4480K, reserved 1048576K
Event: 40.036 GC heap after
Heap after GC invocations=20 (full 3):
 PSYoungGen      total 376320K, used 10688K [0x00000000e0980000, 0x00000000fdc80000, 0x0000000100000000)
  eden space 345088K, 0% used [0x00000000e0980000,0x00000000e0980000,0x00000000f5a80000)
  from space 31232K, 34% used [0x00000000f5a80000,0x00000000f64f0368,0x00000000f7900000)
  to   space 30208K, 0% used [0x00000000fbf00000,0x00000000fbf00000,0x00000000fdc80000)
 ParOldGen       total 177152K, used 101312K [0x00000000a1c00000, 0x00000000ac900000, 0x00000000e0980000)
  object space 177152K, 57% used [0x00000000a1c00000,0x00000000a7ef03a0,0x00000000ac900000)
 Metaspace       used 35057K, capacity 35267K, committed 35456K, reserved 1081344K
  class space    used 4384K, capacity 4480K, committed 4480K, reserved 1048576K
}
Event: 43.354 GC heap before
{Heap before GC invocations=21 (full 3):
 PSYoungGen      total 376320K, used 355776K [0x00000000e0980000, 0x00000000fdc80000, 0x0000000100000000)
  eden space 345088K, 100% used [0x00000000e0980000,0x00000000f5a80000,0x00000000f5a80000)
  from space 31232K, 34% used [0x00000000f5a80000,0x00000000f64f0368,0x00000000f7900000)
  to   space 30208K, 0% used [0x00000000fbf00000,0x00000000fbf00000,0x00000000fdc80000)
 ParOldGen       total 177152K, used 101312K [0x00000000a1c00000, 0x00000000ac900000, 0x00000000e0980000)
  object space 177152K, 57% used [0x00000000a1c00000,0x00000000a7ef03a0,0x00000000ac900000)
 Metaspace       used 36026K, capacity 36201K, committed 36608K, reserved 1081344K
  class space    used 4465K, capacity 4513K, committed 4608K, reserved 1048576K
Event: 43.371 GC heap after
Heap after GC invocations=21 (full 3):
 PSYoungGen      total 403456K, used 14974K [0x00000000e0980000, 0x00000000fce00000, 0x0000000100000000)
  eden space 388096K, 0% used [0x00000000e0980000,0x00000000e0980000,0x00000000f8480000)
  from space 15360K, 97% used [0x00000000fbf00000,0x00000000fcd9f820,0x00000000fce00000)
  to   space 28672K, 0% used [0x00000000f9600000,0x00000000f9600000,0x00000000fb200000)
 ParOldGen       total 177152K, used 101320K [0x00000000a1c00000, 0x00000000ac900000, 0x00000000e0980000)
  object space 177152K, 57% used [0x00000000a1c00000,0x00000000a7ef23a0,0x00000000ac900000)
 Metaspace       used 36026K, capacity 36201K, committed 36608K, reserved 1081344K
  class space    used 4465K, capacity 4513K, committed 4608K, reserved 1048576K
}
Event: 46.619 GC heap before
{Heap before GC invocations=22 (full 3):
 PSYoungGen      total 403456K, used 403070K [0x00000000e0980000, 0x00000000fce00000, 0x0000000100000000)
  eden space 388096K, 100% used [0x00000000e0980000,0x00000000f8480000,0x00000000f8480000)
  from space 15360K, 97% used [0x00000000fbf00000,0x00000000fcd9f820,0x00000000fce00000)
  to   space 28672K, 0% used [0x00000000f9600000,0x00000000f9600000,0x00000000fb200000)
 ParOldGen       total 177152K, used 101320K [0x00000000a1c00000, 0x00000000ac900000, 0x00000000e0980000)
  object space 177152K, 57% used [0x00000000a1c00000,0x00000000a7ef23a0,0x00000000ac900000)
 Metaspace       used 36061K, capacity 36265K, committed 36608K, reserved 1081344K
  class space    used 4465K, capacity 4513K, committed 4608K, reserved 1048576K
Event: 46.638 GC heap after
Heap after GC invocations=22 (full 3):
 PSYoungGen      total 434688K, used 15484K [0x00000000e0980000, 0x00000000fe600000, 0x0000000100000000)
  eden space 406016K, 0% used [0x00000000e0980000,0x00000000e0980000,0x00000000f9600000)
  from space 28672K, 54% used [0x00000000f9600000,0x00000000fa51f200,0x00000000fb200000)
  to   space 28160K, 0% used [0x00000000fca80000,0x00000000fca80000,0x00000000fe600000)
 ParOldGen       total 177152K, used 101328K [0x00000000a1c00000, 0x00000000ac900000, 0x00000000e0980000)
  object space 177152K, 57% used [0x00000000a1c00000,0x00000000a7ef43a0,0x00000000ac900000)
 Metaspace       used 36061K, capacity 36265K, committed 36608K, reserved 1081344K
  class space    used 4465K, capacity 4513K, committed 4608K, reserved 1048576K
}
Event: 51.662 GC heap before
{Heap before GC invocations=23 (full 3):
 PSYoungGen      total 434688K, used 421500K [0x00000000e0980000, 0x00000000fe600000, 0x0000000100000000)
  eden space 406016K, 100% used [0x00000000e0980000,0x00000000f9600000,0x00000000f9600000)
  from space 28672K, 54% used [0x00000000f9600000,0x00000000fa51f200,0x00000000fb200000)
  to   space 28160K, 0% used [0x00000000fca80000,0x00000000fca80000,0x00000000fe600000)
 ParOldGen       total 177152K, used 101328K [0x00000000a1c00000, 0x00000000ac900000, 0x00000000e0980000)
  object space 177152K, 57% used [0x00000000a1c00000,0x00000000a7ef43a0,0x00000000ac900000)
 Metaspace       used 36768K, capacity 37033K, committed 37504K, reserved 1081344K
  class space    used 4529K, capacity 4641K, committed 4736K, reserved 1048576K
Event: 51.726 GC heap after
Heap after GC invocations=23 (full 3):
 PSYoungGen      total 449536K, used 28154K [0x00000000e0980000, 0x0000000100000000, 0x0000000100000000)
  eden space 421376K, 0% used [0x00000000e0980000,0x00000000e0980000,0x00000000fa500000)
  from space 28160K, 99% used [0x00000000fca80000,0x00000000fe5feae0,0x00000000fe600000)
  to   space 38400K, 0% used [0x00000000fa500000,0x00000000fa500000,0x00000000fca80000)
 ParOldGen       total 177152K, used 119945K [0x00000000a1c00000, 0x00000000ac900000, 0x00000000e0980000)
  object space 177152K, 67% used [0x00000000a1c00000,0x00000000a9122748,0x00000000ac900000)
 Metaspace       used 36768K, capacity 37033K, committed 37504K, reserved 1081344K
  class space    used 4529K, capacity 4641K, committed 4736K, reserved 1048576K
}

Deoptimization events (10 events):
Event: 52.030 Thread 0x0000000002397000 Uncommon trap: reason=class_check action=maybe_recompile pc=0x0000000002862470 method=com.google.common.collect.Collections2.cast(Ljava/lang/Iterable;)Ljava/util/Collection; @ 1
Event: 52.032 Thread 0x0000000002397000 Uncommon trap: reason=class_check action=maybe_recompile pc=0x0000000002862470 method=com.google.common.collect.Collections2.cast(Ljava/lang/Iterable;)Ljava/util/Collection; @ 1
Event: 52.340 Thread 0x0000000002397000 Uncommon trap: reason=class_check action=maybe_recompile pc=0x0000000003442164 method=java.util.AbstractCollection.isEmpty()Z @ 1
Event: 52.340 Thread 0x0000000002397000 Uncommon trap: reason=class_check action=maybe_recompile pc=0x0000000003442164 method=java.util.AbstractCollection.isEmpty()Z @ 1
Event: 52.340 Thread 0x0000000002397000 Uncommon trap: reason=class_check action=maybe_recompile pc=0x0000000003442164 method=java.util.AbstractCollection.isEmpty()Z @ 1
Event: 52.340 Thread 0x0000000002397000 Uncommon trap: reason=class_check action=maybe_recompile pc=0x0000000003442164 method=java.util.AbstractCollection.isEmpty()Z @ 1
Event: 52.591 Thread 0x0000000002397000 Uncommon trap: reason=class_check action=maybe_recompile pc=0x00000000034bf04c method=net.minecraft.util.RegistrySimple.getObject(Ljava/lang/Object;)Ljava/lang/Object; @ 5
Event: 52.591 Thread 0x0000000002397000 Uncommon trap: reason=class_check action=maybe_recompile pc=0x00000000034bf04c method=net.minecraft.util.RegistrySimple.getObject(Ljava/lang/Object;)Ljava/lang/Object; @ 5
Event: 52.591 Thread 0x0000000002397000 Uncommon trap: reason=class_check action=maybe_recompile pc=0x00000000034bf04c method=net.minecraft.util.RegistrySimple.getObject(Ljava/lang/Object;)Ljava/lang/Object; @ 5
Event: 52.591 Thread 0x0000000002397000 Uncommon trap: reason=class_check action=maybe_recompile pc=0x00000000034bf04c method=net.minecraft.util.RegistrySimple.getObject(Ljava/lang/Object;)Ljava/lang/Object; @ 5

Internal exceptions (10 events):
Event: 52.664 Thread 0x0000000002397000 Exception <a 'java/security/PrivilegedActionException'> (0x00000000ea2380a8) thrown at [D:\re\workspace\8-2-build-windows-amd64-cygwin\jdk8u25\1677\hotspot\src\share\vm\prims\jvm.cpp, line 1312]
Event: 52.665 Thread 0x0000000002397000 Exception <a 'java/security/PrivilegedActionException'> (0x00000000ea23c190) thrown at [D:\re\workspace\8-2-build-windows-amd64-cygwin\jdk8u25\1677\hotspot\src\share\vm\prims\jvm.cpp, line 1312]
Event: 52.666 Thread 0x0000000002397000 Exception <a 'java/security/PrivilegedActionException'> (0x00000000ea24ecb8) thrown at [D:\re\workspace\8-2-build-windows-amd64-cygwin\jdk8u25\1677\hotspot\src\share\vm\prims\jvm.cpp, line 1312]
Event: 52.670 Thread 0x0000000002397000 NullPointerException at vtable entry 0x00000000025b2578
Event: 52.670 Thread 0x0000000002397000 Exception <a 'java/lang/NullPointerException'> (0x00000000ea2c26d8) thrown at [D:\re\workspace\8-2-build-windows-amd64-cygwin\jdk8u25\1677\hotspot\src\share\vm\runtime\sharedRuntime.cpp, line 604]
Event: 52.695 Thread 0x000000001afb3800 Exception <a 'java/security/PrivilegedActionException'> (0x00000000ea801968) thrown at [D:\re\workspace\8-2-build-windows-amd64-cygwin\jdk8u25\1677\hotspot\src\share\vm\prims\jvm.cpp, line 1312]
Event: 52.697 Thread 0x000000001afb3800 Exception <a 'java/security/PrivilegedActionException'> (0x00000000ea808aa8) thrown at [D:\re\workspace\8-2-build-windows-amd64-cygwin\jdk8u25\1677\hotspot\src\share\vm\prims\jvm.cpp, line 1312]
Event: 52.699 Thread 0x000000001afb3800 Exception <a 'java/security/PrivilegedActionException'> (0x00000000ea80f0b0) thrown at [D:\re\workspace\8-2-build-windows-amd64-cygwin\jdk8u25\1677\hotspot\src\share\vm\prims\jvm.cpp, line 1312]
Event: 52.708 Thread 0x000000001b686800 Exception <a 'java/security/PrivilegedActionException'> (0x00000000eb03bff0) thrown at [D:\re\workspace\8-2-build-windows-amd64-cygwin\jdk8u25\1677\hotspot\src\share\vm\prims\jvm.cpp, line 1312]
Event: 52.709 Thread 0x000000001b686800 Exception <a 'java/security/PrivilegedActionException'> (0x00000000eb041ec0) thrown at [D:\re\workspace\8-2-build-windows-amd64-cygwin\jdk8u25\1677\hotspot\src\share\vm\prims\jvm.cpp, line 1312]

Events (10 events):
Event: 52.709 Thread 0x000000001b686800 DEOPT PACKING pc=0x000000000267192c sp=0x0000000033e0e870
Event: 52.709 Thread 0x000000001b686800 DEOPT UNPACKING pc=0x00000000024d75bf sp=0x0000000033e0e5c8 mode 1
Event: 52.709 Thread 0x000000001b686800 DEOPT PACKING pc=0x000000000267b954 sp=0x0000000033e0e9b0
Event: 52.709 Thread 0x000000001b686800 DEOPT UNPACKING pc=0x00000000024d75bf sp=0x0000000033e0e708 mode 1
Event: 52.709 Thread 0x000000001b686800 DEOPT PACKING pc=0x0000000002d8cf48 sp=0x0000000033e0ea40
Event: 52.709 Thread 0x000000001b686800 DEOPT UNPACKING pc=0x00000000024d75bf sp=0x0000000033e0e760 mode 1
Event: 52.709 Thread 0x000000001b686800 DEOPT PACKING pc=0x0000000002706964 sp=0x0000000033e0f350
Event: 52.709 Thread 0x000000001b686800 DEOPT UNPACKING pc=0x00000000024d75bf sp=0x0000000033e0f098 mode 1
Event: 52.720 Thread 0x000000001b686800 Thread exited: 0x000000001b686800
Event: 52.724 Executing VM operation: Exit


Dynamic libraries:
0x00007ff71f310000 - 0x00007ff71f344000 	C:\Program Files (x86)\Minecraft\runtime\jre-x64\1.8.0_25\bin\javaw.exe
0x00007ffec2440000 - 0x00007ffec2601000 	C:\WINDOWS\SYSTEM32\ntdll.dll
0x00007ffec1810000 - 0x00007ffec18bd000 	C:\WINDOWS\system32\KERNEL32.DLL
0x00007ffebead0000 - 0x00007ffebecb8000 	C:\WINDOWS\system32\KERNELBASE.dll
0x00007ffec1470000 - 0x00007ffec1517000 	C:\WINDOWS\system32\ADVAPI32.dll
0x00007ffec1520000 - 0x00007ffec15bd000 	C:\WINDOWS\system32\msvcrt.dll
0x00007ffec23e0000 - 0x00007ffec243b000 	C:\WINDOWS\system32\sechost.dll
0x00007ffec16f0000 - 0x00007ffec180c000 	C:\WINDOWS\system32\RPCRT4.dll
0x00007ffec1f70000 - 0x00007ffec20c6000 	C:\WINDOWS\system32\USER32.dll
0x00007ffebf820000 - 0x00007ffebf9a6000 	C:\WINDOWS\system32\GDI32.dll
0x00007ffeaa830000 - 0x00007ffeaaaa4000 	C:\WINDOWS\WinSxS\amd64_microsoft.windows.common-controls_6595b64144ccf1df_6.0.10586.0_none_8c15ae12515e1c22\COMCTL32.dll
0x00007ffec1a70000 - 0x00007ffec1ced000 	C:\WINDOWS\system32\combase.dll
0x00007ffebf6b0000 - 0x00007ffebf71a000 	C:\WINDOWS\system32\bcryptPrimitives.dll
0x00007ffec1ea0000 - 0x00007ffec1edb000 	C:\WINDOWS\system32\IMM32.DLL
0x0000000053ce0000 - 0x0000000053db2000 	C:\Program Files (x86)\Minecraft\runtime\jre-x64\1.8.0_25\bin\msvcr100.dll
0x0000000052910000 - 0x000000005316a000 	C:\Program Files (x86)\Minecraft\runtime\jre-x64\1.8.0_25\bin\server\jvm.dll
0x00007ffec1030000 - 0x00007ffec1038000 	C:\WINDOWS\system32\PSAPI.DLL
0x00007ffebc770000 - 0x00007ffebc793000 	C:\WINDOWS\SYSTEM32\WINMM.dll
0x00007ffebc710000 - 0x00007ffebc73c000 	C:\WINDOWS\SYSTEM32\WINMMBASE.dll
0x00007ffebf7d0000 - 0x00007ffebf813000 	C:\WINDOWS\system32\cfgmgr32.dll
0x00007ffebd190000 - 0x00007ffebd199000 	C:\WINDOWS\SYSTEM32\WSOCK32.dll
0x00007ffec1f00000 - 0x00007ffec1f6b000 	C:\WINDOWS\system32\WS2_32.dll
0x0000000054010000 - 0x000000005401f000 	C:\Program Files (x86)\Minecraft\runtime\jre-x64\1.8.0_25\bin\verify.dll
0x0000000053fe0000 - 0x0000000054008000 	C:\Program Files (x86)\Minecraft\runtime\jre-x64\1.8.0_25\bin\java.dll
0x0000000053fa0000 - 0x0000000053fd5000 	C:\Program Files (x86)\Minecraft\runtime\jre-x64\1.8.0_25\bin\jdwp.dll
0x0000000053f90000 - 0x0000000053f98000 	C:\Program Files (x86)\Minecraft\runtime\jre-x64\1.8.0_25\bin\npt.dll
0x0000000053b90000 - 0x0000000053ba6000 	C:\Program Files (x86)\Minecraft\runtime\jre-x64\1.8.0_25\bin\zip.dll
0x00007ffebfad0000 - 0x00007ffec102f000 	C:\WINDOWS\system32\SHELL32.dll
0x00007ffebeda0000 - 0x00007ffebf3e4000 	C:\WINDOWS\system32\windows.storage.dll
0x00007ffec21f0000 - 0x00007ffec2242000 	C:\WINDOWS\system32\shlwapi.dll
0x00007ffebeaa0000 - 0x00007ffebeaaf000 	C:\WINDOWS\system32\kernel.appcore.dll
0x00007ffebece0000 - 0x00007ffebed95000 	C:\WINDOWS\system32\shcore.dll
0x00007ffebea40000 - 0x00007ffebea8b000 	C:\WINDOWS\system32\powrprof.dll
0x00007ffebeab0000 - 0x00007ffebeac4000 	C:\WINDOWS\system32\profapi.dll
0x0000000053c00000 - 0x0000000053c09000 	C:\Program Files (x86)\Minecraft\runtime\jre-x64\1.8.0_25\bin\dt_socket.dll
0x00007ffebcde0000 - 0x00007ffebcdf8000 	C:\WINDOWS\system32\NLAapi.dll
0x00007ffeb2330000 - 0x00007ffeb2346000 	C:\WINDOWS\system32\napinsp.dll
0x00007ffeb01e0000 - 0x00007ffeb01fa000 	C:\WINDOWS\system32\pnrpnsp.dll
0x00007ffebe310000 - 0x00007ffebe36c000 	C:\WINDOWS\System32\mswsock.dll
0x00007ffebd460000 - 0x00007ffebd50a000 	C:\WINDOWS\SYSTEM32\DNSAPI.dll
0x00007ffec2270000 - 0x00007ffec2278000 	C:\WINDOWS\system32\NSI.dll
0x00007ffeb0080000 - 0x00007ffeb008d000 	C:\WINDOWS\System32\winrnr.dll
0x00007ffebb8b0000 - 0x00007ffebb8c5000 	C:\WINDOWS\System32\wshbth.dll
0x00000000541a0000 - 0x00000000541c6000 	C:\Program Files\Bonjour\mdnsNSP.dll
0x00007ffebb300000 - 0x00007ffebb338000 	C:\WINDOWS\SYSTEM32\Iphlpapi.DLL
0x00007ffeb9000000 - 0x00007ffeb9067000 	C:\WINDOWS\System32\fwpuclnt.dll
0x00007ffebe970000 - 0x00007ffebe999000 	C:\WINDOWS\SYSTEM32\bcrypt.dll
0x00007ffeb4570000 - 0x00007ffeb457a000 	C:\Windows\System32\rasadhlp.dll
0x0000000053b80000 - 0x0000000053b8d000 	C:\Program Files (x86)\Minecraft\runtime\jre-x64\1.8.0_25\bin\management.dll
0x0000000053b60000 - 0x0000000053b7a000 	C:\Program Files (x86)\Minecraft\runtime\jre-x64\1.8.0_25\bin\net.dll
0x0000000053b40000 - 0x0000000053b51000 	C:\Program Files (x86)\Minecraft\runtime\jre-x64\1.8.0_25\bin\nio.dll
0x00007ffebe3c0000 - 0x00007ffebe3d7000 	C:\WINDOWS\SYSTEM32\CRYPTSP.dll
0x00007ffebe050000 - 0x00007ffebe084000 	C:\WINDOWS\system32\rsaenh.dll
0x00007ffebe1a0000 - 0x00007ffebe1bf000 	C:\WINDOWS\SYSTEM32\USERENV.dll
0x00007ffebe4e0000 - 0x00007ffebe4eb000 	C:\WINDOWS\SYSTEM32\CRYPTBASE.dll
0x00007ffeb8ec0000 - 0x00007ffeb8ed6000 	C:\WINDOWS\SYSTEM32\dhcpcsvc6.DLL
0x00007ffeb8f80000 - 0x00007ffeb8f9a000 	C:\WINDOWS\SYSTEM32\dhcpcsvc.DLL
0x00007ffeb7900000 - 0x00007ffeb790a000 	C:\Users\Zach\AppData\Local\Temp\jansi-64-2888404913358223697.dll
0x0000000053b10000 - 0x0000000053b34000 	C:\Program Files (x86)\Minecraft\runtime\jre-x64\1.8.0_25\bin\sunec.dll
0x0000000180000000 - 0x0000000180053000 	C:\Users\Zach\.gradle\caches\minecraft\net\minecraft\natives\1.8.9\lwjgl64.dll
0x00007ffea1a40000 - 0x00007ffea1b69000 	C:\WINDOWS\SYSTEM32\OPENGL32.dll
0x00007ffeb3c10000 - 0x00007ffeb3c1a000 	C:\WINDOWS\SYSTEM32\VERSION.dll
0x00007ffeadd00000 - 0x00007ffeadd2e000 	C:\WINDOWS\SYSTEM32\GLU32.dll
0x00007ffe9f730000 - 0x00007ffe9f82a000 	C:\WINDOWS\SYSTEM32\DDRAW.dll
0x00007ffeb78e0000 - 0x00007ffeb78e8000 	C:\WINDOWS\SYSTEM32\DCIMAN32.dll
0x0000000052770000 - 0x0000000052908000 	C:\Program Files (x86)\Minecraft\runtime\jre-x64\1.8.0_25\bin\awt.dll
0x00007ffec1620000 - 0x00007ffec16e1000 	C:\WINDOWS\system32\OLEAUT32.dll
0x00007ffebd210000 - 0x00007ffebd289000 	C:\WINDOWS\system32\apphelp.dll
0x00007ffebd350000 - 0x00007ffebd3e6000 	C:\WINDOWS\system32\uxtheme.dll
0x00007ffec2280000 - 0x00007ffec23da000 	C:\WINDOWS\system32\MSCTF.dll
0x00007ffebb760000 - 0x00007ffebb782000 	C:\WINDOWS\system32\dwmapi.dll
0x00007ffe92f00000 - 0x00007ffe93b84000 	C:\WINDOWS\SYSTEM32\ig4icd64.dll
0x00007ffea19a0000 - 0x00007ffea1a31000 	C:\WINDOWS\SYSTEM32\mscms.dll
0x00007ffea6ef0000 - 0x00007ffea6f32000 	C:\WINDOWS\SYSTEM32\icm32.dll
0x00000000173a0000 - 0x00000000173d8000 	C:\Users\Zach\AppData\Local\Temp\jna\jna5303276368707901426.dll
0x0000000070a40000 - 0x0000000070adc000 	C:\Users\Zach\.gradle\caches\minecraft\net\minecraft\natives\1.8.9\avutil-ttv-51.dll
0x0000000065980000 - 0x00000000659d6000 	C:\Users\Zach\.gradle\caches\minecraft\net\minecraft\natives\1.8.9\swresample-ttv-0.dll
0x000000006eb80000 - 0x000000006ec50000 	C:\Users\Zach\.gradle\caches\minecraft\net\minecraft\natives\1.8.9\libmp3lame-ttv.dll
0x00007ffe91b50000 - 0x00007ffe92ef4000 	C:\Users\Zach\.gradle\caches\minecraft\net\minecraft\natives\1.8.9\libmfxsw64.dll
0x00007ffe9f5c0000 - 0x00007ffe9f72d000 	C:\Users\Zach\.gradle\caches\minecraft\net\minecraft\natives\1.8.9\twitchsdk.dll
0x00007ffec18c0000 - 0x00007ffec1a03000 	C:\WINDOWS\system32\ole32.dll
0x00007ffeaf510000 - 0x00007ffeaf79e000 	C:\WINDOWS\SYSTEM32\WININET.dll
0x000000001a430000 - 0x000000001a494000 	C:\Users\Zach\.gradle\caches\minecraft\net\minecraft\natives\1.8.9\OpenAL64.dll
0x00007ffebfa20000 - 0x00007ffebfac7000 	C:\WINDOWS\system32\clbcatq.dll
0x00007ffebb4f0000 - 0x00007ffebb560000 	C:\WINDOWS\System32\MMDevApi.dll
0x00007ffebd510000 - 0x00007ffebd537000 	C:\WINDOWS\System32\DEVOBJ.dll
0x00007ffebb980000 - 0x00007ffebbb06000 	C:\WINDOWS\System32\PROPSYS.dll
0x00007ffe9f520000 - 0x00007ffe9f5bc000 	C:\WINDOWS\SYSTEM32\dsound.dll
0x00007ffeb7f60000 - 0x00007ffeb7fe8000 	C:\WINDOWS\SYSTEM32\AUDIOSES.DLL
0x00007ffeb9070000 - 0x00007ffeb91a6000 	C:\WINDOWS\SYSTEM32\wintypes.dll
0x00007ffe9d410000 - 0x00007ffe9d59c000 	C:\WINDOWS\SYSTEM32\dbghelp.dll

VM Arguments:
jvm_args: -agentlib:jdwp=transport=dt_socket,suspend=y,address=localhost:58588 -DFORGE_FORCE_FRAME_RECALC=true -Dfile.encoding=Cp1252 
java_command: GradleStart --username zdowding@gmail.com --password Harrypotter2 --userProperties={}
java_class_path (initial): C:\Users\Zach\Documents\Development\MinecraftDevelopment\Mods\EDM-1.8.9\bin;C:\Users\Zach\.gradle\caches\minecraft\net\minecraftforge\forge\1.8.9-11.15.1.1722\stable\20\forgeBin-1.8.9-11.15.1.1722.jar;C:\Users\Zach\.gradle\caches\modules-2\files-2.1\oshi-project\oshi-core\1.1\9ddf7b048a8d701be231c0f4f95fd986198fd2d8\oshi-core-1.1.jar;C:\Users\Zach\.gradle\caches\modules-2\files-2.1\net.java.dev.jna\jna\3.4.0\803ff252fedbd395baffd43b37341dc4a150a554\jna-3.4.0.jar;C:\Users\Zach\.gradle\caches\modules-2\files-2.1\net.java.dev.jna\platform\3.4.0\e3f70017be8100d3d6923f50b3d2ee17714e9c13\platform-3.4.0.jar;C:\Users\Zach\.gradle\caches\modules-2\files-2.1\com.ibm.icu\icu4j-core-mojang\51.2\63d216a9311cca6be337c1e458e587f99d382b84\icu4j-core-mojang-51.2.jar;C:\Users\Zach\.gradle\caches\modules-2\files-2.1\net.sf.jopt-simple\jopt-simple\4.6\306816fb57cf94f108a43c95731b08934dcae15c\jopt-simple-4.6.jar;C:\Users\Zach\.gradle\caches\modules-2\files-2.1\com.paulscode\codecjorbis\20101023\c73b5636faf089d9f00e8732a829577de25237ee\codecjorbis-20101023.jar;C:\Users\Zach\.gradle\caches\modules-2\files-2.1\com.paulscode\codecwav\20101023\12f031cfe88fef5c1dd36c563c0a3a69bd7261da\codecwav-20101023.jar;C:\Users\Zach\.gradle\caches\modules-2\files-2.1\com.paulscode\libraryjavasound\20101123\5c5e304366f75f9eaa2e8cca546a1fb6109348b3\libraryjavasound-20101123.jar;C:\Users\Zach\.gradle\caches\modules-2\files-2.1\com.paulscode\librarylwjglopenal\20100824\73e80d0794c39665aec3f62eee88ca91676674ef\librarylwjglopenal-20100824.jar;C:\Users\Zach\.gradle\caches\modules-2\files-2.1\com.paulscode\soundsystem\20120107\419c05fe9be71f792b2d76cfc9b67f1ed0fec7f6\soundsystem-20120107.jar;C:\Users\Zach\.gradle\caches\modules-2\files-2.1\io.netty\netty-all\4.0.23.Final\294104aaf1781d6a56a07d561e792c5d0c95f45\netty-all-4.0.23.Final.jar;C:\Users\Zach\.gradle\caches\modules-2\files-2.1\com.google.guava\guava\17.0\9c6ef172e8de35fd8d4d8783e4821e57cdef7445\guava-17.0.jar;C:\Users\Zach\.gr
Launcher Type: SUN_STANDARD

Environment Variables:
JAVA_HOME=C:\Program Files\Java\jre1.8.0_66
PATH=C:/Program Files/Java/jre1.8.0_71/bin/server;C:/Program Files/Java/jre1.8.0_71/bin;C:/Program Files/Java/jre1.8.0_71/lib/amd64;C:\Python27\;C:\Python27\Scripts;C:\ProgramData\Oracle\Java\javapath;C:\Program Files (x86)\iis express\PHP\v5.3;C:\Program Files\Common Files\Microsoft Shared\Windows Live;C:\Program Files (x86)\Common Files\Microsoft Shared\Windows Live;C:\Windows\system32;C:\Windows;C:\Windows\System32\Wbem;C:\Windows\System32\WindowsPowerShell\v1.0\;C:\Program Files\Intel\WiFi\bin\;C:\Program Files\Common Files\Intel\WirelessCommon\;C:\Program Files (x86)\Common Files\Roxio Shared\DLLShared\;C:\Program Files (x86)\Common Files\Roxio Shared\OEM\DLLShared\;C:\Program Files (x86)\Common Files\Roxio Shared\OEM\12.0\DLLShared\;C:\Program Files (x86)\Roxio\OEM\AudioCore\;C:\Program Files (x86)\Windows Live\Shared;C:\Program Files\Microsoft SQL Server\120\Tools\Binn\;C:\Program Files (x86)\GtkSharp\2.12\bin;C:\Program Files (x86)\Skype\Phone\;C:\Users\Zach\AppData\;C:\WINDOWS\system32;C:\WINDOWS;C:\WINDOWS\System32\Wbem;C:\WINDOWS\System32\WindowsPowerShell\v1.0\;C:\Program Files (x86)\Windows Kits\10\Windows Performance Toolkit\;C:\Program Files (x86)\Microsoft Team Foundation Server 2015 Power Tools\;C:\Program Files\Microsoft SQL Server\110\Tools\Binn\;C:\Program Files (x86)\nodejs\;C:\Program Files\Microsoft\Web Platform Installer\;C:\Program Files (x86)\Inno Setup 5\;C:\Program Files\Dart\dart-sdk\bin;C:\Ant\bin;C:\HaxeToolkit\haxe\;C:\HaxeToolkit\neko;C:\Strawberry\c\bin;C:\Strawberry\perl\site\bin;C:\Strawberry\perl\bin;C:\Program Files (x86)\scala\bin;C:\Program Files\erl7.0\bin;C:\Program Files (x86)\Elixir\bin;C:\Ruby22-x64\bin;C:\Users\Zach\AppData\Roaming\npm; C:\Program Files (x86)\Inno Setup 5;C:\Program Files (x86)\Microsoft VS Code\bin;C:\GNUstep\bin;C:\GNUstep\GNUstep\System\Tools;C:\Users\Zach\AppData\Local\atom\bin;C:\Users\Zach\AppData\Local\Julia-0.4.1\bin;C:\Users\Zach\Documents\Development\eclipse;
USERNAME=Zach
OS=Windows_NT
PROCESSOR_IDENTIFIER=Intel64 Family 6 Model 42 Stepping 7, GenuineIntel



---------------  S Y S T E M  ---------------

OS: Windows 8.1 , 64 bit Build 9600 

CPU:total 4 (2 cores per cpu, 2 threads per core) family 6 model 42 stepping 7, cmov, cx8, fxsr, mmx, sse, sse2, sse3, ssse3, sse4.1, sse4.2, popcnt, avx, clmul, ht, tsc, tscinvbit

Memory: 4k page, physical 6175728k(2079708k free), swap 12467184k(7476844k free)

vm_info: Java HotSpot(TM) 64-Bit Server VM (25.25-b02) for windows-amd64 JRE (1.8.0_25-b18), built on Oct  7 2014 14:25:37 by "java_re" with MS VC++ 10.0 (VS2010)

time: Mon Feb 01 19:59:21 2016
elapsed time: 52 seconds (0d 0h 0m 52s)

