#
# A fatal error has been detected by the Java Runtime Environment:
#
#  EXCEPTION_ACCESS_VIOLATION (0xc0000005) at pc=0x00007ffe9f289fe2, pid=5792, tid=13112
#
# JRE version: Java(TM) SE Runtime Environment (8.0_25-b18) (build 1.8.0_25-b18)
# Java VM: Java HotSpot(TM) 64-Bit Server VM (25.25-b02 mixed mode windows-amd64 compressed oops)
# Problematic frame:
# C  [twitchsdk.dll+0x89fe2]
#
# Failed to write core dump. Minidumps are not enabled by default on client versions of Windows
#
# If you would like to submit a bug report, please visit:
#   http://bugreport.sun.com/bugreport/crash.jsp
#

---------------  T H R E A D  ---------------

Current thread (0x0000000015ba5000):  VMThread [stack: 0x0000000016c30000,0x0000000016d30000] [id=13112]

siginfo: ExceptionCode=0xc0000005, reading address 0x0000000000000000

Registers:
RAX=0x00007ffe9f2f9858, RBX=0x0000000020084ef0, RCX=0x0000000000000000, RDX=0x0000000018776a00
RSP=0x0000000016d2ef40, RBP=0x0000000002307b10, RSI=0x0000000020084a60, RDI=0x000000002032a180
R8 =0x0000000000181bc0, R9 =0x0000000000000000, R10=0x0000000000000000, R11=0x0000000000000064
R12=0x000000002032a0b0, R13=0x0000000000000000, R14=0x0000000000000001, R15=0x000000002032a1a0
RIP=0x00007ffe9f289fe2, EFLAGS=0x0000000000010206

Top of Stack: (sp=0x0000000016d2ef40)
0x0000000016d2ef40:   0000000002307b10 00007ffe9f20e1ae
0x0000000016d2ef50:   00000000005fca00 0000000020341c80
0x0000000016d2ef60:   fffffffffffffffe 000000002032a180
0x0000000016d2ef70:   0000000020084ee0 00007ffe9f253b79
0x0000000016d2ef80:   0000000020084ef0 00007ffe9f20e1ae
0x0000000016d2ef90:   0000000020340a20 0000000020340a20
0x0000000016d2efa0:   0000000020340630 0000000020345e00
0x0000000016d2efb0:   000000002032a180 00007ffe9f28a0de
0x0000000016d2efc0:   0000000020340a20 0000000020084a60
0x0000000016d2efd0:   0000000020010ef0 00007ffec24b2827
0x0000000016d2efe0:   000000002032a180 00007ffe9f2dd965
0x0000000016d2eff0:   0000000020010ee0 000000002032a0b0
0x0000000016d2f000:   0000000000000000 00000000203414a0
0x0000000016d2f010:   00007ffe9f2dd940 00007ffe9f2a781f
0x0000000016d2f020:   000000002032a180 00007ffefa121ff2
0x0000000016d2f030:   0000000000000000 0000000000000001 

Instructions: (pc=0x00007ffe9f289fe2)
0x00007ffe9f289fc2:   10 48 89 5c 24 40 48 8d 05 89 f8 06 00 48 89 03
0x00007ffe9f289fd2:   48 8b 53 08 48 85 d2 74 18 48 8b 0d 3e cb 0c 00
0x00007ffe9f289fe2:   48 8b 01 ff 90 b0 00 00 00 48 c7 43 08 00 00 00
0x00007ffe9f289ff2:   00 48 8d 4b 10 48 83 c4 30 5b e9 5f f7 f7 ff cc 


Register to memory mapping:

RAX=0x00007ffe9f2f9858 is an unknown value
RBX=0x0000000020084ef0 is an unknown value
RCX=0x0000000000000000 is an unknown value
RDX=0x0000000018776a00 is a global jni handle
RSP=0x0000000016d2ef40 is an unknown value
RBP=0x0000000002307b10 is an unknown value
RSI=0x0000000020084a60 is an unknown value
RDI=0x000000002032a180 is an unknown value
R8 =0x0000000000181bc0 is an unknown value
R9 =0x0000000000000000 is an unknown value
R10=0x0000000000000000 is an unknown value
R11=0x0000000000000064 is an unknown value
R12=0x000000002032a0b0 is an unknown value
R13=0x0000000000000000 is an unknown value
R14=0x0000000000000001 is an unknown value
R15=0x000000002032a1a0 is an unknown value


Stack: [0x0000000016c30000,0x0000000016d30000],  sp=0x0000000016d2ef40,  free space=1019k
Native frames: (J=compiled Java code, j=interpreted, Vv=VM code, C=native code)
C  [twitchsdk.dll+0x89fe2]
C  [twitchsdk.dll+0x53b79]
C  [twitchsdk.dll+0x8a0de]
C  [twitchsdk.dll+0xdd965]
C  [twitchsdk.dll+0xa781f]
C  [twitchsdk.dll+0x9c43a]
C  [twitchsdk.dll+0x9c603]
C  [ntdll.dll+0x14fc8]
C  [ntdll.dll+0x5b01a]
C  [ntdll.dll+0x5aeaa]
C  [KERNEL32.DLL+0x24d8a]
C  [msvcr100.dll+0x20ccd]
V  [jvm.dll+0x1f9c55]
V  [jvm.dll+0x2325e7]
V  [jvm.dll+0x231826]
V  [jvm.dll+0x231cc1]
V  [jvm.dll+0x231ede]
V  [jvm.dll+0x2852fa]
C  [msvcr100.dll+0x21d9f]
C  [msvcr100.dll+0x21e3b]
C  [KERNEL32.DLL+0x18102]
C  [ntdll.dll+0x5c2e4]

VM_Operation (0x000000000221df60): Exit, mode: safepoint, requested by thread 0x0000000002267000


---------------  P R O C E S S  ---------------

Java Threads: ( => current thread )
  0x000000001bead000 JavaThread "EDM Version Check" [_thread_in_native, id=5800, stack(0x0000000034cc0000,0x0000000034dc0000)]
  0x000000001bea9800 JavaThread "Chunk Batcher 1" daemon [_thread_blocked, id=10812, stack(0x0000000031130000,0x0000000031230000)]
  0x000000001bea8800 JavaThread "Chunk Batcher 0" daemon [_thread_blocked, id=8696, stack(0x0000000031030000,0x0000000031130000)]
  0x000000001beac800 JavaThread "Thread-10" [_thread_blocked, id=2192, stack(0x0000000030820000,0x0000000030920000)]
  0x000000001dd27800 JavaThread "Thread-9" [_thread_blocked, id=10064, stack(0x0000000030620000,0x0000000030720000)]
  0x0000000017d35800 JavaThread "LWJGL Timer" daemon [_thread_blocked, id=2228, stack(0x0000000021d90000,0x0000000021e90000)]
  0x00000000196b5000 JavaThread "Thread-7" [_thread_blocked, id=9548, stack(0x0000000020a30000,0x0000000020b30000)]
  0x0000000018d86000 JavaThread "Java2D Disposer" daemon [_thread_blocked, id=13048, stack(0x000000001df30000,0x000000001e030000)]
  0x000000001877a800 JavaThread "Timer hack thread" daemon [_thread_blocked, id=8172, stack(0x000000001cc50000,0x000000001cd50000)]
  0x000000001c72c800 JavaThread "Snooper Timer" daemon [_thread_blocked, id=8196, stack(0x000000001b680000,0x000000001b780000)]
  0x0000000017d9e000 JavaThread "Snooper Timer" daemon [_thread_blocked, id=9000, stack(0x000000001b520000,0x000000001b620000)]
  0x00000000179e6000 JavaThread "Service Thread" daemon [_thread_blocked, id=10836, stack(0x0000000017fa0000,0x00000000180a0000)]
  0x00000000179c5000 JavaThread "C1 CompilerThread2" daemon [_thread_blocked, id=10488, stack(0x0000000017ea0000,0x0000000017fa0000)]
  0x0000000015c3e000 JavaThread "C2 CompilerThread1" daemon [_thread_blocked, id=11968, stack(0x0000000017da0000,0x0000000017ea0000)]
  0x0000000015c0c800 JavaThread "C2 CompilerThread0" daemon [_thread_blocked, id=2716, stack(0x00000000178a0000,0x00000000179a0000)]
  0x0000000015c00800 JavaThread "JDWP Command Reader" daemon [_thread_blocked, id=12592, stack(0x00000000177a0000,0x00000000178a0000)]
  0x0000000015bfd800 JavaThread "JDWP Event Helper Thread" daemon [_thread_blocked, id=8048, stack(0x00000000176a0000,0x00000000177a0000)]
  0x0000000015bf1000 JavaThread "JDWP Transport Listener: dt_socket" daemon [_thread_blocked, id=10540, stack(0x00000000175a0000,0x00000000176a0000)]
  0x0000000015be8000 JavaThread "Attach Listener" daemon [_thread_blocked, id=8024, stack(0x0000000017030000,0x0000000017130000)]
  0x0000000015be7000 JavaThread "Signal Dispatcher" daemon [_thread_blocked, id=10868, stack(0x0000000016f30000,0x0000000017030000)]
  0x000000000235e000 JavaThread "Finalizer" daemon [_thread_blocked, id=1064, stack(0x0000000016e30000,0x0000000016f30000)]
  0x0000000002353000 JavaThread "Reference Handler" daemon [_thread_blocked, id=8492, stack(0x0000000016d30000,0x0000000016e30000)]
  0x0000000002267000 JavaThread "Client thread" [_thread_blocked, id=492, stack(0x0000000002120000,0x0000000002220000)]

Other Threads:
=>0x0000000015ba5000 VMThread [stack: 0x0000000016c30000,0x0000000016d30000] [id=13112]

VM state:at safepoint (shutting down)

VM Mutex/Monitor currently owned by a thread:  ([mutex/lock_event])
[0x0000000002263b80] Threads_lock - owner thread: 0x0000000015ba5000

Heap:
 PSYoungGen      total 427008K, used 277014K [0x00000000e0980000, 0x00000000fe900000, 0x0000000100000000)
  eden space 398848K, 62% used [0x00000000e0980000,0x00000000efc8b990,0x00000000f8f00000)
  from space 28160K, 99% used [0x00000000fb180000,0x00000000fccfa010,0x00000000fcd00000)
  to   space 35328K, 0% used [0x00000000f8f00000,0x00000000f8f00000,0x00000000fb180000)
 ParOldGen       total 179200K, used 109686K [0x00000000a1c00000, 0x00000000acb00000, 0x00000000e0980000)
  object space 179200K, 61% used [0x00000000a1c00000,0x00000000a871d8c0,0x00000000acb00000)
 Metaspace       used 38430K, capacity 38641K, committed 39040K, reserved 1083392K
  class space    used 4799K, capacity 4900K, committed 4992K, reserved 1048576K

Card table byte_map: [0x0000000011720000,0x0000000011a20000] byte_map_base: 0x0000000011212000

Marking Bits: (ParMarkBitMap*) 0x000000005300d490
 Begin Bits: [0x0000000012020000, 0x00000000137b0000)
 End Bits:   [0x00000000137b0000, 0x0000000014f40000)

Polling page: 0x0000000000520000

CodeCache: size=245760Kb used=17446Kb max_used=17455Kb free=228313Kb
 bounds [0x0000000002360000, 0x0000000003490000, 0x0000000011360000]
 total_blobs=5253 nmethods=4549 adapters=625
 compilation: enabled

Compilation events (10 events):
Event: 66.665 Thread 0x00000000179c5000 nmethod 5901 0x0000000003479310 code [0x0000000003479620, 0x000000000347b1c8]
Event: 66.665 Thread 0x00000000179c5000 5902       3       java.util.PropertyPermission::init (54 bytes)
Event: 66.666 Thread 0x00000000179c5000 nmethod 5902 0x000000000347be10 code [0x000000000347bfc0, 0x000000000347c468]
Event: 66.679 Thread 0x0000000015c0c800 nmethod 5896 0x0000000003480390 code [0x00000000034805e0, 0x0000000003481758]
Event: 66.701 Thread 0x0000000015c3e000 5903       4       java.util.IdentityHashMap$IdentityHashMapIterator::nextIndex (72 bytes)
Event: 66.702 Thread 0x00000000179c5000 5904       3       java.util.logging.LogManager$LoggerContext::ensureDefaultLogger (70 bytes)
Event: 66.703 Thread 0x00000000179c5000 nmethod 5904 0x000000000347f710 code [0x000000000347f8c0, 0x0000000003480168]
Event: 66.704 Thread 0x0000000015c3e000 nmethod 5903 0x000000000347c610 code [0x000000000347c760, 0x000000000347c868]
Event: 66.708 Thread 0x00000000179c5000 5905       3       org.apache.logging.log4j.core.helpers.NameUtil::getSubName (32 bytes)
Event: 66.709 Thread 0x00000000179c5000 nmethod 5905 0x000000000347ee50 code [0x000000000347efe0, 0x000000000347f578]

GC Heap History (10 events):
Event: 25.075 GC heap before
{Heap before GC invocations=19 (full 3):
 PSYoungGen      total 354304K, used 22524K [0x00000000e0980000, 0x00000000f8e80000, 0x0000000100000000)
  eden space 331776K, 0% used [0x00000000e0980000,0x00000000e0980000,0x00000000f4d80000)
  from space 22528K, 99% used [0x00000000f6c80000,0x00000000f827f348,0x00000000f8280000)
  to   space 31744K, 0% used [0x00000000f4d80000,0x00000000f4d80000,0x00000000f6c80000)
 ParOldGen       total 98816K, used 90988K [0x00000000a1c00000, 0x00000000a7c80000, 0x00000000e0980000)
  object space 98816K, 92% used [0x00000000a1c00000,0x00000000a74db3c0,0x00000000a7c80000)
 Metaspace       used 31873K, capacity 32045K, committed 32256K, reserved 1077248K
  class space    used 3988K, capacity 4053K, committed 4096K, reserved 1048576K
Event: 25.648 GC heap after
Heap after GC invocations=19 (full 3):
 PSYoungGen      total 354304K, used 8567K [0x00000000e0980000, 0x00000000f8e80000, 0x0000000100000000)
  eden space 331776K, 0% used [0x00000000e0980000,0x00000000e0980000,0x00000000f4d80000)
  from space 22528K, 38% used [0x00000000f6c80000,0x00000000f74ddfa8,0x00000000f8280000)
  to   space 31744K, 0% used [0x00000000f4d80000,0x00000000f4d80000,0x00000000f6c80000)
 ParOldGen       total 179200K, used 98454K [0x00000000a1c00000, 0x00000000acb00000, 0x00000000e0980000)
  object space 179200K, 54% used [0x00000000a1c00000,0x00000000a7c25a50,0x00000000acb00000)
 Metaspace       used 31873K, capacity 32045K, committed 32256K, reserved 1077248K
  class space    used 3988K, capacity 4053K, committed 4096K, reserved 1048576K
}
Event: 46.498 GC heap before
{Heap before GC invocations=20 (full 3):
 PSYoungGen      total 354304K, used 340343K [0x00000000e0980000, 0x00000000f8e80000, 0x0000000100000000)
  eden space 331776K, 100% used [0x00000000e0980000,0x00000000f4d80000,0x00000000f4d80000)
  from space 22528K, 38% used [0x00000000f6c80000,0x00000000f74ddfa8,0x00000000f8280000)
  to   space 31744K, 0% used [0x00000000f4d80000,0x00000000f4d80000,0x00000000f6c80000)
 ParOldGen       total 179200K, used 98454K [0x00000000a1c00000, 0x00000000acb00000, 0x00000000e0980000)
  object space 179200K, 54% used [0x00000000a1c00000,0x00000000a7c25a50,0x00000000acb00000)
 Metaspace       used 35053K, capacity 35293K, committed 35712K, reserved 1081344K
  class space    used 4382K, capacity 4447K, committed 4480K, reserved 1048576K
Event: 46.529 GC heap after
Heap after GC invocations=20 (full 3):
 PSYoungGen      total 363520K, used 11530K [0x00000000e0980000, 0x00000000fc880000, 0x0000000100000000)
  eden space 331776K, 0% used [0x00000000e0980000,0x00000000e0980000,0x00000000f4d80000)
  from space 31744K, 36% used [0x00000000f4d80000,0x00000000f58c2a18,0x00000000f6c80000)
  to   space 30208K, 0% used [0x00000000fab00000,0x00000000fab00000,0x00000000fc880000)
 ParOldGen       total 179200K, used 100125K [0x00000000a1c00000, 0x00000000acb00000, 0x00000000e0980000)
  object space 179200K, 55% used [0x00000000a1c00000,0x00000000a7dc7518,0x00000000acb00000)
 Metaspace       used 35053K, capacity 35293K, committed 35712K, reserved 1081344K
  class space    used 4382K, capacity 4447K, committed 4480K, reserved 1048576K
}
Event: 52.425 GC heap before
{Heap before GC invocations=21 (full 3):
 PSYoungGen      total 363520K, used 343306K [0x00000000e0980000, 0x00000000fc880000, 0x0000000100000000)
  eden space 331776K, 100% used [0x00000000e0980000,0x00000000f4d80000,0x00000000f4d80000)
  from space 31744K, 36% used [0x00000000f4d80000,0x00000000f58c2a18,0x00000000f6c80000)
  to   space 30208K, 0% used [0x00000000fab00000,0x00000000fab00000,0x00000000fc880000)
 ParOldGen       total 179200K, used 100125K [0x00000000a1c00000, 0x00000000acb00000, 0x00000000e0980000)
  object space 179200K, 55% used [0x00000000a1c00000,0x00000000a7dc7518,0x00000000acb00000)
 Metaspace       used 36043K, capacity 36265K, committed 36608K, reserved 1081344K
  class space    used 4466K, capacity 4513K, committed 4608K, reserved 1048576K
Event: 52.445 GC heap after
Heap after GC invocations=21 (full 3):
 PSYoungGen      total 385024K, used 15167K [0x00000000e0980000, 0x00000000fba00000, 0x0000000100000000)
  eden space 369664K, 0% used [0x00000000e0980000,0x00000000e0980000,0x00000000f7280000)
  from space 15360K, 98% used [0x00000000fab00000,0x00000000fb9cfc80,0x00000000fba00000)
  to   space 29184K, 0% used [0x00000000f8100000,0x00000000f8100000,0x00000000f9d80000)
 ParOldGen       total 179200K, used 100133K [0x00000000a1c00000, 0x00000000acb00000, 0x00000000e0980000)
  object space 179200K, 55% used [0x00000000a1c00000,0x00000000a7dc9518,0x00000000acb00000)
 Metaspace       used 36043K, capacity 36265K, committed 36608K, reserved 1081344K
  class space    used 4466K, capacity 4513K, committed 4608K, reserved 1048576K
}
Event: 57.536 GC heap before
{Heap before GC invocations=22 (full 3):
 PSYoungGen      total 385024K, used 384831K [0x00000000e0980000, 0x00000000fba00000, 0x0000000100000000)
  eden space 369664K, 100% used [0x00000000e0980000,0x00000000f7280000,0x00000000f7280000)
  from space 15360K, 98% used [0x00000000fab00000,0x00000000fb9cfc80,0x00000000fba00000)
  to   space 29184K, 0% used [0x00000000f8100000,0x00000000f8100000,0x00000000f9d80000)
 ParOldGen       total 179200K, used 100133K [0x00000000a1c00000, 0x00000000acb00000, 0x00000000e0980000)
  object space 179200K, 55% used [0x00000000a1c00000,0x00000000a7dc9518,0x00000000acb00000)
 Metaspace       used 36063K, capacity 36329K, committed 36608K, reserved 1081344K
  class space    used 4466K, capacity 4513K, committed 4608K, reserved 1048576K
Event: 57.555 GC heap after
Heap after GC invocations=22 (full 3):
 PSYoungGen      total 413696K, used 16453K [0x00000000e0980000, 0x00000000fcd00000, 0x0000000100000000)
  eden space 384512K, 0% used [0x00000000e0980000,0x00000000e0980000,0x00000000f8100000)
  from space 29184K, 56% used [0x00000000f8100000,0x00000000f9111528,0x00000000f9d80000)
  to   space 28160K, 0% used [0x00000000fb180000,0x00000000fb180000,0x00000000fcd00000)
 ParOldGen       total 179200K, used 100141K [0x00000000a1c00000, 0x00000000acb00000, 0x00000000e0980000)
  object space 179200K, 55% used [0x00000000a1c00000,0x00000000a7dcb518,0x00000000acb00000)
 Metaspace       used 36063K, capacity 36329K, committed 36608K, reserved 1081344K
  class space    used 4466K, capacity 4513K, committed 4608K, reserved 1048576K
}
Event: 64.225 GC heap before
{Heap before GC invocations=23 (full 3):
 PSYoungGen      total 413696K, used 400965K [0x00000000e0980000, 0x00000000fcd00000, 0x0000000100000000)
  eden space 384512K, 100% used [0x00000000e0980000,0x00000000f8100000,0x00000000f8100000)
  from space 29184K, 56% used [0x00000000f8100000,0x00000000f9111528,0x00000000f9d80000)
  to   space 28160K, 0% used [0x00000000fb180000,0x00000000fb180000,0x00000000fcd00000)
 ParOldGen       total 179200K, used 100141K [0x00000000a1c00000, 0x00000000acb00000, 0x00000000e0980000)
  object space 179200K, 55% used [0x00000000a1c00000,0x00000000a7dcb518,0x00000000acb00000)
 Metaspace       used 36655K, capacity 36937K, committed 37248K, reserved 1081344K
  class space    used 4525K, capacity 4609K, committed 4736K, reserved 1048576K
Event: 64.274 GC heap after
Heap after GC invocations=23 (full 3):
 PSYoungGen      total 427008K, used 28136K [0x00000000e0980000, 0x00000000fe900000, 0x0000000100000000)
  eden space 398848K, 0% used [0x00000000e0980000,0x00000000e0980000,0x00000000f8f00000)
  from space 28160K, 99% used [0x00000000fb180000,0x00000000fccfa010,0x00000000fcd00000)
  to   space 35328K, 0% used [0x00000000f8f00000,0x00000000f8f00000,0x00000000fb180000)
 ParOldGen       total 179200K, used 109686K [0x00000000a1c00000, 0x00000000acb00000, 0x00000000e0980000)
  object space 179200K, 61% used [0x00000000a1c00000,0x00000000a871d8c0,0x00000000acb00000)
 Metaspace       used 36655K, capacity 36937K, committed 37248K, reserved 1081344K
  class space    used 4525K, capacity 4609K, committed 4736K, reserved 1048576K
}

Deoptimization events (10 events):
Event: 65.796 Thread 0x0000000002267000 Uncommon trap: reason=bimorphic action=maybe_recompile pc=0x00000000033ab4d4 method=java.util.AbstractCollection.isEmpty()Z @ 1
Event: 65.796 Thread 0x0000000002267000 Uncommon trap: reason=bimorphic action=maybe_recompile pc=0x00000000033ab4d4 method=java.util.AbstractCollection.isEmpty()Z @ 1
Event: 65.796 Thread 0x0000000002267000 Uncommon trap: reason=bimorphic action=maybe_recompile pc=0x00000000033ab4d4 method=java.util.AbstractCollection.isEmpty()Z @ 1
Event: 65.796 Thread 0x0000000002267000 Uncommon trap: reason=bimorphic action=maybe_recompile pc=0x00000000033ab4d4 method=java.util.AbstractCollection.isEmpty()Z @ 1
Event: 65.929 Thread 0x0000000002267000 Uncommon trap: reason=class_check action=maybe_recompile pc=0x00000000033d964c method=net.minecraft.util.RegistrySimple.getObject(Ljava/lang/Object;)Ljava/lang/Object; @ 5
Event: 65.929 Thread 0x0000000002267000 Uncommon trap: reason=class_check action=maybe_recompile pc=0x00000000033d964c method=net.minecraft.util.RegistrySimple.getObject(Ljava/lang/Object;)Ljava/lang/Object; @ 5
Event: 65.930 Thread 0x0000000002267000 Uncommon trap: reason=class_check action=maybe_recompile pc=0x00000000033d964c method=net.minecraft.util.RegistrySimple.getObject(Ljava/lang/Object;)Ljava/lang/Object; @ 5
Event: 65.930 Thread 0x0000000002267000 Uncommon trap: reason=class_check action=maybe_recompile pc=0x00000000033d964c method=net.minecraft.util.RegistrySimple.getObject(Ljava/lang/Object;)Ljava/lang/Object; @ 5
Event: 66.548 Thread 0x0000000002267000 Uncommon trap: reason=class_check action=maybe_recompile pc=0x0000000002612720 method=java.util.Formatter$FormatSpecifier.printString(Ljava/lang/Object;Ljava/util/Locale;)V @ 98
Event: 66.548 Thread 0x0000000002267000 Uncommon trap: reason=class_check action=maybe_recompile pc=0x0000000002612720 method=java.util.Formatter$FormatSpecifier.printString(Ljava/lang/Object;Ljava/util/Locale;)V @ 98

Internal exceptions (10 events):
Event: 66.640 Thread 0x0000000002267000 Exception <a 'java/security/PrivilegedActionException'> (0x00000000ee792e08) thrown at [D:\re\workspace\8-2-build-windows-amd64-cygwin\jdk8u25\1677\hotspot\src\share\vm\prims\jvm.cpp, line 1312]
Event: 66.641 Thread 0x0000000002267000 Exception <a 'java/security/PrivilegedActionException'> (0x00000000ee7a5930) thrown at [D:\re\workspace\8-2-build-windows-amd64-cygwin\jdk8u25\1677\hotspot\src\share\vm\prims\jvm.cpp, line 1312]
Event: 66.651 Thread 0x0000000002267000 NullPointerException at vtable entry 0x000000000247fac0
Event: 66.651 Thread 0x0000000002267000 Exception <a 'java/lang/NullPointerException'> (0x00000000ee819608) thrown at [D:\re\workspace\8-2-build-windows-amd64-cygwin\jdk8u25\1677\hotspot\src\share\vm\runtime\sharedRuntime.cpp, line 604]
Event: 66.651 Thread 0x0000000002267000 Exception <a 'java/lang/NullPointerException'> (0x00000000ee81c9a8) thrown at [D:\re\workspace\8-2-build-windows-amd64-cygwin\jdk8u25\1677\hotspot\src\share\vm\interpreter\linkResolver.cpp, line 1178]
Event: 66.702 Thread 0x000000001bea7000 Exception <a 'java/security/PrivilegedActionException'> (0x00000000ef22a5b0) thrown at [D:\re\workspace\8-2-build-windows-amd64-cygwin\jdk8u25\1677\hotspot\src\share\vm\prims\jvm.cpp, line 1312]
Event: 66.705 Thread 0x000000001bea7000 Exception <a 'java/security/PrivilegedActionException'> (0x00000000ef2316f0) thrown at [D:\re\workspace\8-2-build-windows-amd64-cygwin\jdk8u25\1677\hotspot\src\share\vm\prims\jvm.cpp, line 1312]
Event: 66.707 Thread 0x000000001bea7000 Exception <a 'java/security/PrivilegedActionException'> (0x00000000ef237cf8) thrown at [D:\re\workspace\8-2-build-windows-amd64-cygwin\jdk8u25\1677\hotspot\src\share\vm\prims\jvm.cpp, line 1312]
Event: 66.708 Thread 0x000000001beab800 Exception <a 'java/security/PrivilegedActionException'> (0x00000000ef4c4238) thrown at [D:\re\workspace\8-2-build-windows-amd64-cygwin\jdk8u25\1677\hotspot\src\share\vm\prims\jvm.cpp, line 1312]
Event: 66.709 Thread 0x000000001beab800 Exception <a 'java/security/PrivilegedActionException'> (0x00000000ef4ca108) thrown at [D:\re\workspace\8-2-build-windows-amd64-cygwin\jdk8u25\1677\hotspot\src\share\vm\prims\jvm.cpp, line 1312]

Events (10 events):
Event: 66.709 Thread 0x000000001beab800 DEOPT UNPACKING pc=0x00000000023a75bf sp=0x00000000353be608 mode 1
Event: 66.709 Thread 0x000000001beab800 DEOPT PACKING pc=0x000000000255d1d4 sp=0x00000000353be9f0
Event: 66.709 Thread 0x000000001beab800 DEOPT UNPACKING pc=0x00000000023a75bf sp=0x00000000353be748 mode 1
Event: 66.709 Thread 0x000000001beab800 DEOPT PACKING pc=0x0000000003440ec8 sp=0x00000000353bea80
Event: 66.709 Thread 0x000000001beab800 DEOPT UNPACKING pc=0x00000000023a75bf sp=0x00000000353be7a0 mode 1
Event: 66.709 Thread 0x000000001beab800 DEOPT PACKING pc=0x00000000025df524 sp=0x00000000353bf390
Event: 66.709 Thread 0x000000001beab800 DEOPT UNPACKING pc=0x00000000023a75bf sp=0x00000000353bf0d8 mode 1
Event: 66.740 Thread 0x000000001beab800 Thread exited: 0x000000001beab800
Event: 66.753 Thread 0x000000001bea8000 Thread exited: 0x000000001bea8000
Event: 66.760 Executing VM operation: Exit


Dynamic libraries:
0x00007ff71f310000 - 0x00007ff71f344000 	C:\Program Files (x86)\Minecraft\runtime\jre-x64\1.8.0_25\bin\javaw.exe
0x00007ffec2440000 - 0x00007ffec2601000 	C:\WINDOWS\SYSTEM32\ntdll.dll
0x00007ffec1810000 - 0x00007ffec18bd000 	C:\WINDOWS\system32\KERNEL32.DLL
0x00007ffebead0000 - 0x00007ffebecb8000 	C:\WINDOWS\system32\KERNELBASE.dll
0x00007ffec1470000 - 0x00007ffec1517000 	C:\WINDOWS\system32\ADVAPI32.dll
0x00007ffec1520000 - 0x00007ffec15bd000 	C:\WINDOWS\system32\msvcrt.dll
0x00007ffec23e0000 - 0x00007ffec243b000 	C:\WINDOWS\system32\sechost.dll
0x00007ffec16f0000 - 0x00007ffec180c000 	C:\WINDOWS\system32\RPCRT4.dll
0x00007ffec1f70000 - 0x00007ffec20c6000 	C:\WINDOWS\system32\USER32.dll
0x00007ffebf820000 - 0x00007ffebf9a6000 	C:\WINDOWS\system32\GDI32.dll
0x00007ffeaa830000 - 0x00007ffeaaaa4000 	C:\WINDOWS\WinSxS\amd64_microsoft.windows.common-controls_6595b64144ccf1df_6.0.10586.0_none_8c15ae12515e1c22\COMCTL32.dll
0x00007ffec1a70000 - 0x00007ffec1ced000 	C:\WINDOWS\system32\combase.dll
0x00007ffebf6b0000 - 0x00007ffebf71a000 	C:\WINDOWS\system32\bcryptPrimitives.dll
0x00007ffec1ea0000 - 0x00007ffec1edb000 	C:\WINDOWS\system32\IMM32.DLL
0x0000000053090000 - 0x0000000053162000 	C:\Program Files (x86)\Minecraft\runtime\jre-x64\1.8.0_25\bin\msvcr100.dll
0x0000000052830000 - 0x000000005308a000 	C:\Program Files (x86)\Minecraft\runtime\jre-x64\1.8.0_25\bin\server\jvm.dll
0x00007ffec1030000 - 0x00007ffec1038000 	C:\WINDOWS\system32\PSAPI.DLL
0x00007ffebd190000 - 0x00007ffebd199000 	C:\WINDOWS\SYSTEM32\WSOCK32.dll
0x00007ffec1f00000 - 0x00007ffec1f6b000 	C:\WINDOWS\system32\WS2_32.dll
0x00007ffebc770000 - 0x00007ffebc793000 	C:\WINDOWS\SYSTEM32\WINMM.dll
0x00007ffebc710000 - 0x00007ffebc73c000 	C:\WINDOWS\SYSTEM32\WINMMBASE.dll
0x00007ffebf7d0000 - 0x00007ffebf813000 	C:\WINDOWS\system32\cfgmgr32.dll
0x0000000053c00000 - 0x0000000053c0f000 	C:\Program Files (x86)\Minecraft\runtime\jre-x64\1.8.0_25\bin\verify.dll
0x0000000052800000 - 0x0000000052828000 	C:\Program Files (x86)\Minecraft\runtime\jre-x64\1.8.0_25\bin\java.dll
0x00000000527c0000 - 0x00000000527f5000 	C:\Program Files (x86)\Minecraft\runtime\jre-x64\1.8.0_25\bin\jdwp.dll
0x00000000527b0000 - 0x00000000527b8000 	C:\Program Files (x86)\Minecraft\runtime\jre-x64\1.8.0_25\bin\npt.dll
0x0000000052790000 - 0x00000000527a6000 	C:\Program Files (x86)\Minecraft\runtime\jre-x64\1.8.0_25\bin\zip.dll
0x00007ffebfad0000 - 0x00007ffec102f000 	C:\WINDOWS\system32\SHELL32.dll
0x00007ffebeda0000 - 0x00007ffebf3e4000 	C:\WINDOWS\system32\windows.storage.dll
0x00007ffec21f0000 - 0x00007ffec2242000 	C:\WINDOWS\system32\shlwapi.dll
0x00007ffebeaa0000 - 0x00007ffebeaaf000 	C:\WINDOWS\system32\kernel.appcore.dll
0x00007ffebece0000 - 0x00007ffebed95000 	C:\WINDOWS\system32\shcore.dll
0x00007ffebea40000 - 0x00007ffebea8b000 	C:\WINDOWS\system32\powrprof.dll
0x00007ffebeab0000 - 0x00007ffebeac4000 	C:\WINDOWS\system32\profapi.dll
0x0000000052780000 - 0x0000000052789000 	C:\Program Files (x86)\Minecraft\runtime\jre-x64\1.8.0_25\bin\dt_socket.dll
0x00007ffebcde0000 - 0x00007ffebcdf8000 	C:\WINDOWS\system32\NLAapi.dll
0x00007ffeb2330000 - 0x00007ffeb2346000 	C:\WINDOWS\system32\napinsp.dll
0x00007ffeb01e0000 - 0x00007ffeb01fa000 	C:\WINDOWS\system32\pnrpnsp.dll
0x00007ffebe310000 - 0x00007ffebe36c000 	C:\WINDOWS\System32\mswsock.dll
0x00007ffebd460000 - 0x00007ffebd50a000 	C:\WINDOWS\SYSTEM32\DNSAPI.dll
0x00007ffec2270000 - 0x00007ffec2278000 	C:\WINDOWS\system32\NSI.dll
0x00007ffeb0080000 - 0x00007ffeb008d000 	C:\WINDOWS\System32\winrnr.dll
0x00007ffebb8b0000 - 0x00007ffebb8c5000 	C:\WINDOWS\System32\wshbth.dll
0x00000000541a0000 - 0x00000000541c6000 	C:\Program Files\Bonjour\mdnsNSP.dll
0x00007ffebb300000 - 0x00007ffebb338000 	C:\WINDOWS\SYSTEM32\Iphlpapi.DLL
0x00007ffeb9000000 - 0x00007ffeb9067000 	C:\WINDOWS\System32\fwpuclnt.dll
0x00007ffebe970000 - 0x00007ffebe999000 	C:\WINDOWS\SYSTEM32\bcrypt.dll
0x00007ffeb4570000 - 0x00007ffeb457a000 	C:\Windows\System32\rasadhlp.dll
0x0000000052770000 - 0x000000005277d000 	C:\Program Files (x86)\Minecraft\runtime\jre-x64\1.8.0_25\bin\management.dll
0x0000000052750000 - 0x000000005276a000 	C:\Program Files (x86)\Minecraft\runtime\jre-x64\1.8.0_25\bin\net.dll
0x0000000052730000 - 0x0000000052741000 	C:\Program Files (x86)\Minecraft\runtime\jre-x64\1.8.0_25\bin\nio.dll
0x00007ffebe3c0000 - 0x00007ffebe3d7000 	C:\WINDOWS\SYSTEM32\CRYPTSP.dll
0x00007ffebe050000 - 0x00007ffebe084000 	C:\WINDOWS\system32\rsaenh.dll
0x00007ffebe1a0000 - 0x00007ffebe1bf000 	C:\WINDOWS\SYSTEM32\USERENV.dll
0x00007ffebe4e0000 - 0x00007ffebe4eb000 	C:\WINDOWS\SYSTEM32\CRYPTBASE.dll
0x00007ffeb8ec0000 - 0x00007ffeb8ed6000 	C:\WINDOWS\SYSTEM32\dhcpcsvc6.DLL
0x00007ffeb8f80000 - 0x00007ffeb8f9a000 	C:\WINDOWS\SYSTEM32\dhcpcsvc.DLL
0x00007ffeb21d0000 - 0x00007ffeb21da000 	C:\Users\Zach\AppData\Local\Temp\jansi-64-3908468873473292042.dll
0x0000000052700000 - 0x0000000052724000 	C:\Program Files (x86)\Minecraft\runtime\jre-x64\1.8.0_25\bin\sunec.dll
0x0000000180000000 - 0x0000000180053000 	C:\Users\Zach\.gradle\caches\minecraft\net\minecraft\natives\1.8.9\lwjgl64.dll
0x00007ffea1b70000 - 0x00007ffea1c99000 	C:\WINDOWS\SYSTEM32\OPENGL32.dll
0x00007ffeb3c10000 - 0x00007ffeb3c1a000 	C:\WINDOWS\SYSTEM32\VERSION.dll
0x00007ffea6ee0000 - 0x00007ffea6f0e000 	C:\WINDOWS\SYSTEM32\GLU32.dll
0x00007ffea18a0000 - 0x00007ffea199a000 	C:\WINDOWS\SYSTEM32\DDRAW.dll
0x00007ffeafb70000 - 0x00007ffeafb78000 	C:\WINDOWS\SYSTEM32\DCIMAN32.dll
0x0000000052560000 - 0x00000000526f8000 	C:\Program Files (x86)\Minecraft\runtime\jre-x64\1.8.0_25\bin\awt.dll
0x00007ffec1620000 - 0x00007ffec16e1000 	C:\WINDOWS\system32\OLEAUT32.dll
0x00007ffebd210000 - 0x00007ffebd289000 	C:\WINDOWS\system32\apphelp.dll
0x00007ffebd350000 - 0x00007ffebd3e6000 	C:\WINDOWS\system32\uxtheme.dll
0x00007ffec2280000 - 0x00007ffec23da000 	C:\WINDOWS\system32\MSCTF.dll
0x00007ffebb760000 - 0x00007ffebb782000 	C:\WINDOWS\system32\dwmapi.dll
0x00007ffe8fe20000 - 0x00007ffe90aa4000 	C:\WINDOWS\SYSTEM32\ig4icd64.dll
0x00007ffea1800000 - 0x00007ffea1891000 	C:\WINDOWS\SYSTEM32\mscms.dll
0x00007ffea17b0000 - 0x00007ffea17f2000 	C:\WINDOWS\SYSTEM32\icm32.dll
0x000000001e3d0000 - 0x000000001e408000 	C:\Users\Zach\AppData\Local\Temp\jna\jna1262619544499055899.dll
0x0000000070a40000 - 0x0000000070adc000 	C:\Users\Zach\.gradle\caches\minecraft\net\minecraft\natives\1.8.9\avutil-ttv-51.dll
0x0000000065980000 - 0x00000000659d6000 	C:\Users\Zach\.gradle\caches\minecraft\net\minecraft\natives\1.8.9\swresample-ttv-0.dll
0x000000006eb80000 - 0x000000006ec50000 	C:\Users\Zach\.gradle\caches\minecraft\net\minecraft\natives\1.8.9\libmp3lame-ttv.dll
0x00007ffe8cdd0000 - 0x00007ffe8e174000 	C:\Users\Zach\.gradle\caches\minecraft\net\minecraft\natives\1.8.9\libmfxsw64.dll
0x00007ffe9f200000 - 0x00007ffe9f36d000 	C:\Users\Zach\.gradle\caches\minecraft\net\minecraft\natives\1.8.9\twitchsdk.dll
0x00007ffec18c0000 - 0x00007ffec1a03000 	C:\WINDOWS\system32\ole32.dll
0x00007ffeaf510000 - 0x00007ffeaf79e000 	C:\WINDOWS\SYSTEM32\WININET.dll
0x000000001e570000 - 0x000000001e5d4000 	C:\Users\Zach\.gradle\caches\minecraft\net\minecraft\natives\1.8.9\OpenAL64.dll
0x00007ffebfa20000 - 0x00007ffebfac7000 	C:\WINDOWS\system32\clbcatq.dll
0x00007ffebb4f0000 - 0x00007ffebb560000 	C:\WINDOWS\System32\MMDevApi.dll
0x00007ffebd510000 - 0x00007ffebd537000 	C:\WINDOWS\System32\DEVOBJ.dll
0x00007ffebb980000 - 0x00007ffebbb06000 	C:\WINDOWS\System32\PROPSYS.dll
0x00007ffea1710000 - 0x00007ffea17ac000 	C:\WINDOWS\SYSTEM32\dsound.dll
0x00007ffeb7f60000 - 0x00007ffeb7fe8000 	C:\WINDOWS\SYSTEM32\AUDIOSES.DLL
0x00007ffeb9070000 - 0x00007ffeb91a6000 	C:\WINDOWS\SYSTEM32\wintypes.dll
0x00007ffe9d410000 - 0x00007ffe9d59c000 	C:\WINDOWS\SYSTEM32\dbghelp.dll

VM Arguments:
jvm_args: -agentlib:jdwp=transport=dt_socket,suspend=y,address=localhost:57101 -DFORGE_FORCE_FRAME_RECALC=true -Dfile.encoding=Cp1252 
java_command: GradleStart --tweakClass net.minecraftforge.fml.common.launcher.FMLTweaker --username zdowding@gmail.com --password Harrypotter2 --userProperties={}
java_class_path (initial): C:\Users\Zach\Documents\Development\MinecraftDevelopment\Mods\EDM-1.8.9\bin;C:\Users\Zach\.gradle\caches\minecraft\net\minecraftforge\forge\1.8.9-11.15.1.1722\stable\20\forgeBin-1.8.9-11.15.1.1722.jar;C:\Users\Zach\.gradle\caches\modules-2\files-2.1\oshi-project\oshi-core\1.1\9ddf7b048a8d701be231c0f4f95fd986198fd2d8\oshi-core-1.1.jar;C:\Users\Zach\.gradle\caches\modules-2\files-2.1\net.java.dev.jna\jna\3.4.0\803ff252fedbd395baffd43b37341dc4a150a554\jna-3.4.0.jar;C:\Users\Zach\.gradle\caches\modules-2\files-2.1\net.java.dev.jna\platform\3.4.0\e3f70017be8100d3d6923f50b3d2ee17714e9c13\platform-3.4.0.jar;C:\Users\Zach\.gradle\caches\modules-2\files-2.1\com.ibm.icu\icu4j-core-mojang\51.2\63d216a9311cca6be337c1e458e587f99d382b84\icu4j-core-mojang-51.2.jar;C:\Users\Zach\.gradle\caches\modules-2\files-2.1\net.sf.jopt-simple\jopt-simple\4.6\306816fb57cf94f108a43c95731b08934dcae15c\jopt-simple-4.6.jar;C:\Users\Zach\.gradle\caches\modules-2\files-2.1\com.paulscode\codecjorbis\20101023\c73b5636faf089d9f00e8732a829577de25237ee\codecjorbis-20101023.jar;C:\Users\Zach\.gradle\caches\modules-2\files-2.1\com.paulscode\codecwav\20101023\12f031cfe88fef5c1dd36c563c0a3a69bd7261da\codecwav-20101023.jar;C:\Users\Zach\.gradle\caches\modules-2\files-2.1\com.paulscode\libraryjavasound\20101123\5c5e304366f75f9eaa2e8cca546a1fb6109348b3\libraryjavasound-20101123.jar;C:\Users\Zach\.gradle\caches\modules-2\files-2.1\com.paulscode\librarylwjglopenal\20100824\73e80d0794c39665aec3f62eee88ca91676674ef\librarylwjglopenal-20100824.jar;C:\Users\Zach\.gradle\caches\modules-2\files-2.1\com.paulscode\soundsystem\20120107\419c05fe9be71f792b2d76cfc9b67f1ed0fec7f6\soundsystem-20120107.jar;C:\Users\Zach\.gradle\caches\modules-2\files-2.1\io.netty\netty-all\4.0.23.Final\294104aaf1781d6a56a07d561e792c5d0c95f45\netty-all-4.0.23.Final.jar;C:\Users\Zach\.gradle\caches\modules-2\files-2.1\com.google.guava\guava\17.0\9c6ef172e8de35fd8d4d8783e4821e57cdef7445\guava-17.0.jar;C:\Users\Zach\.gr
Launcher Type: SUN_STANDARD

Environment Variables:
JAVA_HOME=C:\Program Files\Java\jre1.8.0_66
PATH=C:/Program Files/Java/jre1.8.0_71/bin/server;C:/Program Files/Java/jre1.8.0_71/bin;C:/Program Files/Java/jre1.8.0_71/lib/amd64;C:\Python27\;C:\Python27\Scripts;C:\ProgramData\Oracle\Java\javapath;C:\Program Files (x86)\iis express\PHP\v5.3;C:\Program Files\Common Files\Microsoft Shared\Windows Live;C:\Program Files (x86)\Common Files\Microsoft Shared\Windows Live;C:\Windows\system32;C:\Windows;C:\Windows\System32\Wbem;C:\Windows\System32\WindowsPowerShell\v1.0\;C:\Program Files\Intel\WiFi\bin\;C:\Program Files\Common Files\Intel\WirelessCommon\;C:\Program Files (x86)\Common Files\Roxio Shared\DLLShared\;C:\Program Files (x86)\Common Files\Roxio Shared\OEM\DLLShared\;C:\Program Files (x86)\Common Files\Roxio Shared\OEM\12.0\DLLShared\;C:\Program Files (x86)\Roxio\OEM\AudioCore\;C:\Program Files (x86)\Windows Live\Shared;C:\Program Files\Microsoft SQL Server\120\Tools\Binn\;C:\Program Files (x86)\GtkSharp\2.12\bin;C:\Program Files (x86)\Skype\Phone\;C:\Users\Zach\AppData\;C:\WINDOWS\system32;C:\WINDOWS;C:\WINDOWS\System32\Wbem;C:\WINDOWS\System32\WindowsPowerShell\v1.0\;C:\Program Files (x86)\Windows Kits\10\Windows Performance Toolkit\;C:\Program Files (x86)\Microsoft Team Foundation Server 2015 Power Tools\;C:\Program Files\Microsoft SQL Server\110\Tools\Binn\;C:\Program Files (x86)\nodejs\;C:\Program Files\Microsoft\Web Platform Installer\;C:\Program Files (x86)\Inno Setup 5\;C:\Program Files\Dart\dart-sdk\bin;C:\Ant\bin;C:\HaxeToolkit\haxe\;C:\HaxeToolkit\neko;C:\Strawberry\c\bin;C:\Strawberry\perl\site\bin;C:\Strawberry\perl\bin;C:\Program Files (x86)\scala\bin;C:\Program Files\erl7.0\bin;C:\Program Files (x86)\Elixir\bin;C:\Ruby22-x64\bin;C:\Users\Zach\AppData\Roaming\npm; C:\Program Files (x86)\Inno Setup 5;C:\Program Files (x86)\Microsoft VS Code\bin;C:\GNUstep\bin;C:\GNUstep\GNUstep\System\Tools;C:\Users\Zach\AppData\Local\atom\bin;C:\Users\Zach\AppData\Local\Julia-0.4.1\bin;C:\Users\Zach\Documents\Development\eclipse;
USERNAME=Zach
OS=Windows_NT
PROCESSOR_IDENTIFIER=Intel64 Family 6 Model 42 Stepping 7, GenuineIntel



---------------  S Y S T E M  ---------------

OS: Windows 8.1 , 64 bit Build 9600 

CPU:total 4 (2 cores per cpu, 2 threads per core) family 6 model 42 stepping 7, cmov, cx8, fxsr, mmx, sse, sse2, sse3, ssse3, sse4.1, sse4.2, popcnt, avx, clmul, ht, tsc, tscinvbit

Memory: 4k page, physical 6175728k(2166824k free), swap 12467184k(7458840k free)

vm_info: Java HotSpot(TM) 64-Bit Server VM (25.25-b02) for windows-amd64 JRE (1.8.0_25-b18), built on Oct  7 2014 14:25:37 by "java_re" with MS VC++ 10.0 (VS2010)

time: Mon Feb 01 19:43:21 2016
elapsed time: 67 seconds (0d 0h 1m 7s)

