#
# A fatal error has been detected by the Java Runtime Environment:
#
#  EXCEPTION_ACCESS_VIOLATION (0xc0000005) at pc=0x00007ffe9f289fe2, pid=13240, tid=9676
#
# JRE version: Java(TM) SE Runtime Environment (8.0_25-b18) (build 1.8.0_25-b18)
# Java VM: Java HotSpot(TM) 64-Bit Server VM (25.25-b02 mixed mode windows-amd64 compressed oops)
# Problematic frame:
# C  [twitchsdk.dll+0x89fe2]
#
# Failed to write core dump. Minidumps are not enabled by default on client versions of Windows
#
# If you would like to submit a bug report, please visit:
#   http://bugreport.sun.com/bugreport/crash.jsp
#

---------------  T H R E A D  ---------------

Current thread (0x0000000015c55000):  VMThread [stack: 0x0000000016cf0000,0x0000000016df0000] [id=9676]

siginfo: ExceptionCode=0xc0000005, reading address 0x0000000000000000

Registers:
RAX=0x00007ffe9f2f9858, RBX=0x0000000020c35cf0, RCX=0x0000000000000000, RDX=0x00000000182e1728
RSP=0x0000000016def380, RBP=0x0000000015b65500, RSI=0x0000000020c35c50, RDI=0x0000000020f12490
R8 =0x0000000000182100, R9 =0x0000000000000000, R10=0x0000000000000000, R11=0x0000000000000064
R12=0x0000000020f123c0, R13=0x0000000000000000, R14=0x0000000000000001, R15=0x0000000020f124b0
RIP=0x00007ffe9f289fe2, EFLAGS=0x0000000000010206

Top of Stack: (sp=0x0000000016def380)
0x0000000016def380:   0000000015b65500 00007ffe9f20e1ae
0x0000000016def390:   0000000000538050 0000000020effee0
0x0000000016def3a0:   fffffffffffffffe 0000000020f12490
0x0000000016def3b0:   0000000020c35ce0 00007ffe9f253b79
0x0000000016def3c0:   0000000020c35cf0 00007ffe9f20e1ae
0x0000000016def3d0:   0000000020effb60 0000000020effb60
0x0000000016def3e0:   0000000020eff0e0 0000000020ebc750
0x0000000016def3f0:   0000000020f12490 00007ffe9f28a0de
0x0000000016def400:   0000000020effb60 0000000020c35c50
0x0000000016def410:   0000000020c67a50 00007ffec24b2827
0x0000000016def420:   0000000020f12490 00007ffe9f2dd965
0x0000000016def430:   0000000020c67a40 0000000020f123c0
0x0000000016def440:   0000000000000000 0000000020eff9a0
0x0000000016def450:   00007ffe9f2dd940 00007ffe9f2a781f
0x0000000016def460:   0000000020f12490 00007ffe742e2a17
0x0000000016def470:   0000000000000000 0000000000000001 

Instructions: (pc=0x00007ffe9f289fe2)
0x00007ffe9f289fc2:   10 48 89 5c 24 40 48 8d 05 89 f8 06 00 48 89 03
0x00007ffe9f289fd2:   48 8b 53 08 48 85 d2 74 18 48 8b 0d 3e cb 0c 00
0x00007ffe9f289fe2:   48 8b 01 ff 90 b0 00 00 00 48 c7 43 08 00 00 00
0x00007ffe9f289ff2:   00 48 8d 4b 10 48 83 c4 30 5b e9 5f f7 f7 ff cc 


Register to memory mapping:

RAX=0x00007ffe9f2f9858 is an unknown value
RBX=0x0000000020c35cf0 is an unknown value
RCX=0x0000000000000000 is an unknown value
RDX=0x00000000182e1728 is a global jni handle
RSP=0x0000000016def380 is an unknown value
RBP=0x0000000015b65500 is an unknown value
RSI=0x0000000020c35c50 is an unknown value
RDI=0x0000000020f12490 is an unknown value
R8 =0x0000000000182100 is an unknown value
R9 =0x0000000000000000 is an unknown value
R10=0x0000000000000000 is an unknown value
R11=0x0000000000000064 is an unknown value
R12=0x0000000020f123c0 is an unknown value
R13=0x0000000000000000 is an unknown value
R14=0x0000000000000001 is an unknown value
R15=0x0000000020f124b0 is an unknown value


Stack: [0x0000000016cf0000,0x0000000016df0000],  sp=0x0000000016def380,  free space=1020k
Native frames: (J=compiled Java code, j=interpreted, Vv=VM code, C=native code)
C  [twitchsdk.dll+0x89fe2]
C  [twitchsdk.dll+0x53b79]
C  [twitchsdk.dll+0x8a0de]
C  [twitchsdk.dll+0xdd965]
C  [twitchsdk.dll+0xa781f]
C  [twitchsdk.dll+0x9c43a]
C  [twitchsdk.dll+0x9c603]
C  [ntdll.dll+0x14fc8]
C  [ntdll.dll+0x5b01a]
C  [ntdll.dll+0x5aeaa]
C  [KERNEL32.DLL+0x24d8a]
C  [msvcr100.dll+0x20ccd]
V  [jvm.dll+0x1f9c55]
V  [jvm.dll+0x2325e7]
V  [jvm.dll+0x231826]
V  [jvm.dll+0x231cc1]
V  [jvm.dll+0x231ede]
V  [jvm.dll+0x2852fa]
C  [msvcr100.dll+0x21d9f]
C  [msvcr100.dll+0x21e3b]
C  [KERNEL32.DLL+0x18102]
C  [ntdll.dll+0x5c2e4]

VM_Operation (0x000000000230e050): Exit, mode: safepoint, requested by thread 0x0000000002317000


---------------  P R O C E S S  ---------------

Java Threads: ( => current thread )
  0x000000002ba25800 JavaThread "EDM Version Check" [_thread_blocked, id=10976, stack(0x0000000033a20000,0x0000000033b20000)]
  0x000000002ba2a800 JavaThread "Chunk Batcher 1" daemon [_thread_blocked, id=10752, stack(0x000000002fc50000,0x000000002fd50000)]
  0x000000002ba2c000 JavaThread "Chunk Batcher 0" daemon [_thread_blocked, id=476, stack(0x000000002fb50000,0x000000002fc50000)]
  0x000000002ba2a000 JavaThread "Thread-10" [_thread_blocked, id=6268, stack(0x000000002f130000,0x000000002f230000)]
  0x0000000019203000 JavaThread "Thread-9" [_thread_blocked, id=1384, stack(0x000000002aee0000,0x000000002afe0000)]
  0x000000001d5ff800 JavaThread "LWJGL Timer" daemon [_thread_blocked, id=12400, stack(0x0000000024dc0000,0x0000000024ec0000)]
  0x000000001d604800 JavaThread "Thread-7" [_thread_blocked, id=2096, stack(0x0000000024a20000,0x0000000024b20000)]
  0x000000001b3f2000 JavaThread "Java2D Disposer" daemon [_thread_blocked, id=4760, stack(0x000000001f440000,0x000000001f540000)]
  0x0000000018cf9800 JavaThread "Timer hack thread" daemon [_thread_blocked, id=4036, stack(0x000000001f140000,0x000000001f240000)]
  0x0000000019394000 JavaThread "Snooper Timer" daemon [_thread_blocked, id=8452, stack(0x000000001bbe0000,0x000000001bce0000)]
  0x0000000018811800 JavaThread "Snooper Timer" daemon [_thread_blocked, id=8364, stack(0x000000001a4f0000,0x000000001a5f0000)]
  0x0000000015cee000 JavaThread "Service Thread" daemon [_thread_blocked, id=8856, stack(0x0000000018020000,0x0000000018120000)]
  0x0000000015cc1800 JavaThread "C1 CompilerThread2" daemon [_thread_blocked, id=4008, stack(0x0000000017b20000,0x0000000017c20000)]
  0x0000000015cc0800 JavaThread "C2 CompilerThread1" daemon [_thread_blocked, id=8812, stack(0x0000000017a20000,0x0000000017b20000)]
  0x0000000015cbb800 JavaThread "C2 CompilerThread0" daemon [_thread_blocked, id=4356, stack(0x0000000017920000,0x0000000017a20000)]
  0x0000000015cac000 JavaThread "JDWP Event Helper Thread" daemon [_thread_blocked, id=10900, stack(0x0000000017720000,0x0000000017820000)]
  0x0000000015c94800 JavaThread "Attach Listener" daemon [_thread_blocked, id=11020, stack(0x00000000170f0000,0x00000000171f0000)]
  0x000000000240d800 JavaThread "Finalizer" daemon [_thread_blocked, id=9920, stack(0x0000000016ef0000,0x0000000016ff0000)]
  0x0000000002401000 JavaThread "Reference Handler" daemon [_thread_blocked, id=80, stack(0x0000000016df0000,0x0000000016ef0000)]
  0x0000000002317000 JavaThread "Client thread" [_thread_blocked, id=6368, stack(0x0000000002210000,0x0000000002310000)]

Other Threads:
=>0x0000000015c55000 VMThread [stack: 0x0000000016cf0000,0x0000000016df0000] [id=9676]

VM state:at safepoint (shutting down)

VM Mutex/Monitor currently owned by a thread:  ([mutex/lock_event])
[0x0000000002314150] Threads_lock - owner thread: 0x0000000015c55000

Heap:
 PSYoungGen      total 447488K, used 149342K [0x00000000e0980000, 0x0000000100000000, 0x0000000100000000)
  eden space 419328K, 28% used [0x00000000e0980000,0x00000000e7fdab40,0x00000000fa300000)
  from space 28160K, 99% used [0x00000000fc980000,0x00000000fe4fccd0,0x00000000fe500000)
  to   space 39424K, 0% used [0x00000000fa300000,0x00000000fa300000,0x00000000fc980000)
 ParOldGen       total 178176K, used 123235K [0x00000000a1c00000, 0x00000000aca00000, 0x00000000e0980000)
  object space 178176K, 69% used [0x00000000a1c00000,0x00000000a9458c08,0x00000000aca00000)
 Metaspace       used 37020K, capacity 37271K, committed 37632K, reserved 1081344K
  class space    used 4632K, capacity 4741K, committed 4864K, reserved 1048576K

Card table byte_map: [0x00000000117d0000,0x0000000011ad0000] byte_map_base: 0x00000000112c2000

Marking Bits: (ParMarkBitMap*) 0x000000005300d490
 Begin Bits: [0x00000000120d0000, 0x0000000013860000)
 End Bits:   [0x0000000013860000, 0x0000000014ff0000)

Polling page: 0x0000000002140000

CodeCache: size=245760Kb used=17328Kb max_used=17485Kb free=228432Kb
 bounds [0x0000000002410000, 0x0000000003540000, 0x0000000011410000]
 total_blobs=5053 nmethods=4348 adapters=625
 compilation: enabled

Compilation events (10 events):
Event: 53.355 Thread 0x0000000015cc1800 5545       3       sun.security.provider.SHA5::lf_maj (14 bytes)
Event: 53.355 Thread 0x0000000015cc1800 nmethod 5545 0x0000000002ce7ed0 code [0x0000000002ce8020, 0x0000000002ce8170]
Event: 53.355 Thread 0x0000000015cc1800 5546       3       sun.security.provider.SHA5::lf_delta1 (21 bytes)
Event: 53.356 Thread 0x0000000015cc1800 nmethod 5546 0x0000000002542610 code [0x0000000002542780, 0x0000000002542a10]
Event: 53.356 Thread 0x0000000015cc1800 5547       3       sun.security.provider.SHA5::lf_delta0 (20 bytes)
Event: 53.356 Thread 0x0000000015cc1800 nmethod 5547 0x0000000002a15c50 code [0x0000000002a15dc0, 0x0000000002a16050]
Event: 53.357 Thread 0x0000000015cc1800 5548       3       sun.security.jca.Providers::getProviderList (14 bytes)
Event: 53.358 Thread 0x0000000015cc1800 nmethod 5548 0x00000000027fcf90 code [0x00000000027fd120, 0x00000000027fd548]
Event: 53.360 Thread 0x0000000015cc1800 5549       3       sun.security.jca.Providers::getThreadProviderList (18 bytes)
Event: 53.360 Thread 0x0000000015cc1800 nmethod 5549 0x0000000002e6ee50 code [0x0000000002e6efc0, 0x0000000002e6f2e8]

GC Heap History (10 events):
Event: 26.758 GC heap before
{Heap before GC invocations=19 (full 3):
 PSYoungGen      total 376320K, used 23011K [0x00000000e0980000, 0x00000000fa280000, 0x0000000100000000)
  eden space 353280K, 0% used [0x00000000e0980000,0x00000000e0980000,0x00000000f6280000)
  from space 23040K, 99% used [0x00000000f8180000,0x00000000f97f8db8,0x00000000f9800000)
  to   space 31744K, 0% used [0x00000000f6280000,0x00000000f6280000,0x00000000f8180000)
 ParOldGen       total 98304K, used 89018K [0x00000000a1c00000, 0x00000000a7c00000, 0x00000000e0980000)
  object space 98304K, 90% used [0x00000000a1c00000,0x00000000a72eeac8,0x00000000a7c00000)
 Metaspace       used 31275K, capacity 31533K, committed 31744K, reserved 1077248K
  class space    used 3937K, capacity 4053K, committed 4096K, reserved 1048576K
Event: 27.346 GC heap after
Heap after GC invocations=19 (full 3):
 PSYoungGen      total 376320K, used 8007K [0x00000000e0980000, 0x00000000fa280000, 0x0000000100000000)
  eden space 353280K, 0% used [0x00000000e0980000,0x00000000e0980000,0x00000000f6280000)
  from space 23040K, 34% used [0x00000000f8180000,0x00000000f8951e20,0x00000000f9800000)
  to   space 31744K, 0% used [0x00000000f6280000,0x00000000f6280000,0x00000000f8180000)
 ParOldGen       total 178176K, used 97827K [0x00000000a1c00000, 0x00000000aca00000, 0x00000000e0980000)
  object space 178176K, 54% used [0x00000000a1c00000,0x00000000a7b88e28,0x00000000aca00000)
 Metaspace       used 31275K, capacity 31533K, committed 31744K, reserved 1077248K
  class space    used 3937K, capacity 4053K, committed 4096K, reserved 1048576K
}
Event: 40.109 GC heap before
{Heap before GC invocations=20 (full 3):
 PSYoungGen      total 376320K, used 361287K [0x00000000e0980000, 0x00000000fa280000, 0x0000000100000000)
  eden space 353280K, 100% used [0x00000000e0980000,0x00000000f6280000,0x00000000f6280000)
  from space 23040K, 34% used [0x00000000f8180000,0x00000000f8951e20,0x00000000f9800000)
  to   space 31744K, 0% used [0x00000000f6280000,0x00000000f6280000,0x00000000f8180000)
 ParOldGen       total 178176K, used 97827K [0x00000000a1c00000, 0x00000000aca00000, 0x00000000e0980000)
  object space 178176K, 54% used [0x00000000a1c00000,0x00000000a7b88e28,0x00000000aca00000)
 Metaspace       used 34004K, capacity 34205K, committed 34560K, reserved 1079296K
  class space    used 4264K, capacity 4319K, committed 4352K, reserved 1048576K
Event: 40.151 GC heap after
Heap after GC invocations=20 (full 3):
 PSYoungGen      total 385024K, used 10968K [0x00000000e0980000, 0x00000000fdf80000, 0x0000000100000000)
  eden space 353280K, 0% used [0x00000000e0980000,0x00000000e0980000,0x00000000f6280000)
  from space 31744K, 34% used [0x00000000f6280000,0x00000000f6d36268,0x00000000f8180000)
  to   space 30720K, 0% used [0x00000000fc180000,0x00000000fc180000,0x00000000fdf80000)
 ParOldGen       total 178176K, used 102376K [0x00000000a1c00000, 0x00000000aca00000, 0x00000000e0980000)
  object space 178176K, 57% used [0x00000000a1c00000,0x00000000a7ffa028,0x00000000aca00000)
 Metaspace       used 34004K, capacity 34205K, committed 34560K, reserved 1079296K
  class space    used 4264K, capacity 4319K, committed 4352K, reserved 1048576K
}
Event: 44.080 GC heap before
{Heap before GC invocations=21 (full 3):
 PSYoungGen      total 385024K, used 364248K [0x00000000e0980000, 0x00000000fdf80000, 0x0000000100000000)
  eden space 353280K, 100% used [0x00000000e0980000,0x00000000f6280000,0x00000000f6280000)
  from space 31744K, 34% used [0x00000000f6280000,0x00000000f6d36268,0x00000000f8180000)
  to   space 30720K, 0% used [0x00000000fc180000,0x00000000fc180000,0x00000000fdf80000)
 ParOldGen       total 178176K, used 102376K [0x00000000a1c00000, 0x00000000aca00000, 0x00000000e0980000)
  object space 178176K, 57% used [0x00000000a1c00000,0x00000000a7ffa028,0x00000000aca00000)
 Metaspace       used 34572K, capacity 34825K, committed 35200K, reserved 1079296K
  class space    used 4301K, capacity 4353K, committed 4480K, reserved 1048576K
Event: 44.099 GC heap after
Heap after GC invocations=21 (full 3):
 PSYoungGen      total 406528K, used 13991K [0x00000000e0980000, 0x00000000fcf80000, 0x0000000100000000)
  eden space 392192K, 0% used [0x00000000e0980000,0x00000000e0980000,0x00000000f8880000)
  from space 14336K, 97% used [0x00000000fc180000,0x00000000fcf29cd8,0x00000000fcf80000)
  to   space 29184K, 0% used [0x00000000f9680000,0x00000000f9680000,0x00000000fb300000)
 ParOldGen       total 178176K, used 102384K [0x00000000a1c00000, 0x00000000aca00000, 0x00000000e0980000)
  object space 178176K, 57% used [0x00000000a1c00000,0x00000000a7ffc028,0x00000000aca00000)
 Metaspace       used 34572K, capacity 34825K, committed 35200K, reserved 1079296K
  class space    used 4301K, capacity 4353K, committed 4480K, reserved 1048576K
}
Event: 47.421 GC heap before
{Heap before GC invocations=22 (full 3):
 PSYoungGen      total 406528K, used 406183K [0x00000000e0980000, 0x00000000fcf80000, 0x0000000100000000)
  eden space 392192K, 100% used [0x00000000e0980000,0x00000000f8880000,0x00000000f8880000)
  from space 14336K, 97% used [0x00000000fc180000,0x00000000fcf29cd8,0x00000000fcf80000)
  to   space 29184K, 0% used [0x00000000f9680000,0x00000000f9680000,0x00000000fb300000)
 ParOldGen       total 178176K, used 102384K [0x00000000a1c00000, 0x00000000aca00000, 0x00000000e0980000)
  object space 178176K, 57% used [0x00000000a1c00000,0x00000000a7ffc028,0x00000000aca00000)
 Metaspace       used 34595K, capacity 34825K, committed 35200K, reserved 1079296K
  class space    used 4301K, capacity 4353K, committed 4480K, reserved 1048576K
Event: 47.438 GC heap after
Heap after GC invocations=22 (full 3):
 PSYoungGen      total 435712K, used 15588K [0x00000000e0980000, 0x00000000fe500000, 0x0000000100000000)
  eden space 406528K, 0% used [0x00000000e0980000,0x00000000e0980000,0x00000000f9680000)
  from space 29184K, 53% used [0x00000000f9680000,0x00000000fa5b9088,0x00000000fb300000)
  to   space 28160K, 0% used [0x00000000fc980000,0x00000000fc980000,0x00000000fe500000)
 ParOldGen       total 178176K, used 102392K [0x00000000a1c00000, 0x00000000aca00000, 0x00000000e0980000)
  object space 178176K, 57% used [0x00000000a1c00000,0x00000000a7ffe028,0x00000000aca00000)
 Metaspace       used 34595K, capacity 34825K, committed 35200K, reserved 1079296K
  class space    used 4301K, capacity 4353K, committed 4480K, reserved 1048576K
}
Event: 52.535 GC heap before
{Heap before GC invocations=23 (full 3):
 PSYoungGen      total 435712K, used 422116K [0x00000000e0980000, 0x00000000fe500000, 0x0000000100000000)
  eden space 406528K, 100% used [0x00000000e0980000,0x00000000f9680000,0x00000000f9680000)
  from space 29184K, 53% used [0x00000000f9680000,0x00000000fa5b9088,0x00000000fb300000)
  to   space 28160K, 0% used [0x00000000fc980000,0x00000000fc980000,0x00000000fe500000)
 ParOldGen       total 178176K, used 102392K [0x00000000a1c00000, 0x00000000aca00000, 0x00000000e0980000)
  object space 178176K, 57% used [0x00000000a1c00000,0x00000000a7ffe028,0x00000000aca00000)
 Metaspace       used 35995K, capacity 36265K, committed 36608K, reserved 1081344K
  class space    used 4461K, capacity 4577K, committed 4608K, reserved 1048576K
Event: 52.614 GC heap after
Heap after GC invocations=23 (full 3):
 PSYoungGen      total 447488K, used 28147K [0x00000000e0980000, 0x0000000100000000, 0x0000000100000000)
  eden space 419328K, 0% used [0x00000000e0980000,0x00000000e0980000,0x00000000fa300000)
  from space 28160K, 99% used [0x00000000fc980000,0x00000000fe4fccd0,0x00000000fe500000)
  to   space 39424K, 0% used [0x00000000fa300000,0x00000000fa300000,0x00000000fc980000)
 ParOldGen       total 178176K, used 123235K [0x00000000a1c00000, 0x00000000aca00000, 0x00000000e0980000)
  object space 178176K, 69% used [0x00000000a1c00000,0x00000000a9458c08,0x00000000aca00000)
 Metaspace       used 35995K, capacity 36265K, committed 36608K, reserved 1081344K
  class space    used 4461K, capacity 4577K, committed 4608K, reserved 1048576K
}

Deoptimization events (10 events):
Event: 51.007 Thread 0x0000000002317000 Uncommon trap: reason=class_check action=maybe_recompile pc=0x0000000003202538 method=org.objectweb.asm.ClassReader.readCode(Lorg/objectweb/asm/MethodVisitor;Lorg/objectweb/asm/Context;I)V @ 2517
Event: 51.007 Thread 0x0000000002317000 Uncommon trap: reason=class_check action=maybe_recompile pc=0x0000000003202538 method=org.objectweb.asm.ClassReader.readCode(Lorg/objectweb/asm/MethodVisitor;Lorg/objectweb/asm/Context;I)V @ 2517
Event: 51.752 Thread 0x0000000002317000 Uncommon trap: reason=unreached action=reinterpret pc=0x0000000002d5fe78 method=java.util.HashMap$TreeNode.find(ILjava/lang/Object;Ljava/lang/Class;)Ljava/util/HashMap$TreeNode; @ 58
Event: 51.752 Thread 0x0000000002317000 Uncommon trap: reason=unreached action=reinterpret pc=0x0000000002b8f8a4 method=java.util.HashMap$TreeNode.putTreeVal(Ljava/util/HashMap;[Ljava/util/HashMap$Node;ILjava/lang/Object;Ljava/lang/Object;)Ljava/util/HashMap$TreeNode; @ 151
Event: 52.849 Thread 0x0000000002317000 Uncommon trap: reason=null_check action=none pc=0x0000000003382910 method=sun.misc.URLClassPath.check(Ljava/net/URL;)V @ 14
Event: 52.872 Thread 0x0000000002317000 Uncommon trap: reason=null_check action=none pc=0x0000000003382910 method=sun.misc.URLClassPath.check(Ljava/net/URL;)V @ 14
Event: 52.882 Thread 0x0000000002317000 Uncommon trap: reason=null_check action=none pc=0x0000000003382910 method=sun.misc.URLClassPath.check(Ljava/net/URL;)V @ 14
Event: 53.013 Thread 0x0000000002317000 Uncommon trap: reason=null_check action=none pc=0x0000000003382910 method=sun.misc.URLClassPath.check(Ljava/net/URL;)V @ 14
Event: 53.132 Thread 0x0000000002317000 Uncommon trap: reason=null_check action=none pc=0x0000000003382910 method=sun.misc.URLClassPath.check(Ljava/net/URL;)V @ 14
Event: 53.260 Thread 0x0000000002317000 Uncommon trap: reason=null_check action=none pc=0x0000000003382910 method=sun.misc.URLClassPath.check(Ljava/net/URL;)V @ 14

Internal exceptions (10 events):
Event: 53.248 Thread 0x0000000002317000 Exception <a 'java/security/PrivilegedActionException'> (0x00000000e679cc28) thrown at [D:\re\workspace\8-2-build-windows-amd64-cygwin\jdk8u25\1677\hotspot\src\share\vm\prims\jvm.cpp, line 1312]
Event: 53.250 Thread 0x0000000002317000 Exception <a 'java/security/PrivilegedActionException'> (0x00000000e67a5478) thrown at [D:\re\workspace\8-2-build-windows-amd64-cygwin\jdk8u25\1677\hotspot\src\share\vm\prims\jvm.cpp, line 1312]
Event: 53.252 Thread 0x0000000002317000 Exception <a 'java/security/PrivilegedActionException'> (0x00000000e67bf818) thrown at [D:\re\workspace\8-2-build-windows-amd64-cygwin\jdk8u25\1677\hotspot\src\share\vm\prims\jvm.cpp, line 1312]
Event: 53.253 Thread 0x0000000002317000 Exception <a 'java/security/PrivilegedActionException'> (0x00000000e67c47e0) thrown at [D:\re\workspace\8-2-build-windows-amd64-cygwin\jdk8u25\1677\hotspot\src\share\vm\prims\jvm.cpp, line 1312]
Event: 53.254 Thread 0x0000000002317000 Exception <a 'java/security/PrivilegedActionException'> (0x00000000e67c92a8) thrown at [D:\re\workspace\8-2-build-windows-amd64-cygwin\jdk8u25\1677\hotspot\src\share\vm\prims\jvm.cpp, line 1312]
Event: 53.293 Thread 0x000000002ba26000 Exception <a 'java/security/PrivilegedActionException'> (0x00000000e7236010) thrown at [D:\re\workspace\8-2-build-windows-amd64-cygwin\jdk8u25\1677\hotspot\src\share\vm\prims\jvm.cpp, line 1312]
Event: 53.297 Thread 0x000000002ba26000 Exception <a 'java/security/PrivilegedActionException'> (0x00000000e723d150) thrown at [D:\re\workspace\8-2-build-windows-amd64-cygwin\jdk8u25\1677\hotspot\src\share\vm\prims\jvm.cpp, line 1312]
Event: 53.300 Thread 0x000000002ba26000 Exception <a 'java/security/PrivilegedActionException'> (0x00000000e7243758) thrown at [D:\re\workspace\8-2-build-windows-amd64-cygwin\jdk8u25\1677\hotspot\src\share\vm\prims\jvm.cpp, line 1312]
Event: 53.324 Thread 0x000000002ba28800 Exception <a 'java/security/PrivilegedActionException'> (0x00000000e7a662d0) thrown at [D:\re\workspace\8-2-build-windows-amd64-cygwin\jdk8u25\1677\hotspot\src\share\vm\prims\jvm.cpp, line 1312]
Event: 53.325 Thread 0x000000002ba28800 Exception <a 'java/security/PrivilegedActionException'> (0x00000000e7a6c1a0) thrown at [D:\re\workspace\8-2-build-windows-amd64-cygwin\jdk8u25\1677\hotspot\src\share\vm\prims\jvm.cpp, line 1312]

Events (10 events):
Event: 53.361 Thread 0x0000000015cc1800 flushing nmethod 0x00000000030775d0
Event: 53.361 Thread 0x0000000015cc1800 flushing nmethod 0x0000000003086f50
Event: 53.361 Thread 0x0000000015cc1800 flushing nmethod 0x0000000003098d10
Event: 53.361 Thread 0x0000000015cc1800 flushing nmethod 0x000000000309aa50
Event: 53.362 Thread 0x0000000015cc1800 flushing nmethod 0x000000000310edd0
Event: 53.384 Thread 0x000000002ba28800 Thread exited: 0x000000002ba28800
Event: 53.386 Thread 0x0000000015c9e000 Thread exited: 0x0000000015c9e000
Event: 53.387 Thread 0x0000000015c93000 Thread exited: 0x0000000015c93000
Event: 53.387 Thread 0x0000000015caf000 Thread exited: 0x0000000015caf000
Event: 53.387 Executing VM operation: Exit


Dynamic libraries:
0x00007ff71f310000 - 0x00007ff71f344000 	C:\Program Files (x86)\Minecraft\runtime\jre-x64\1.8.0_25\bin\javaw.exe
0x00007ffec2440000 - 0x00007ffec2601000 	C:\WINDOWS\SYSTEM32\ntdll.dll
0x00007ffec1810000 - 0x00007ffec18bd000 	C:\WINDOWS\system32\KERNEL32.DLL
0x00007ffebead0000 - 0x00007ffebecb8000 	C:\WINDOWS\system32\KERNELBASE.dll
0x00007ffec1470000 - 0x00007ffec1517000 	C:\WINDOWS\system32\ADVAPI32.dll
0x00007ffec1520000 - 0x00007ffec15bd000 	C:\WINDOWS\system32\msvcrt.dll
0x00007ffec23e0000 - 0x00007ffec243b000 	C:\WINDOWS\system32\sechost.dll
0x00007ffec16f0000 - 0x00007ffec180c000 	C:\WINDOWS\system32\RPCRT4.dll
0x00007ffec1f70000 - 0x00007ffec20c6000 	C:\WINDOWS\system32\USER32.dll
0x00007ffebf820000 - 0x00007ffebf9a6000 	C:\WINDOWS\system32\GDI32.dll
0x00007ffeaa830000 - 0x00007ffeaaaa4000 	C:\WINDOWS\WinSxS\amd64_microsoft.windows.common-controls_6595b64144ccf1df_6.0.10586.0_none_8c15ae12515e1c22\COMCTL32.dll
0x00007ffec1a70000 - 0x00007ffec1ced000 	C:\WINDOWS\system32\combase.dll
0x00007ffebf6b0000 - 0x00007ffebf71a000 	C:\WINDOWS\system32\bcryptPrimitives.dll
0x00007ffec1ea0000 - 0x00007ffec1edb000 	C:\WINDOWS\system32\IMM32.DLL
0x0000000053090000 - 0x0000000053162000 	C:\Program Files (x86)\Minecraft\runtime\jre-x64\1.8.0_25\bin\msvcr100.dll
0x0000000052830000 - 0x000000005308a000 	C:\Program Files (x86)\Minecraft\runtime\jre-x64\1.8.0_25\bin\server\jvm.dll
0x00007ffec1030000 - 0x00007ffec1038000 	C:\WINDOWS\system32\PSAPI.DLL
0x00007ffebc770000 - 0x00007ffebc793000 	C:\WINDOWS\SYSTEM32\WINMM.dll
0x00007ffebd190000 - 0x00007ffebd199000 	C:\WINDOWS\SYSTEM32\WSOCK32.dll
0x00007ffec1f00000 - 0x00007ffec1f6b000 	C:\WINDOWS\system32\WS2_32.dll
0x00007ffebc710000 - 0x00007ffebc73c000 	C:\WINDOWS\SYSTEM32\WINMMBASE.dll
0x00007ffebf7d0000 - 0x00007ffebf813000 	C:\WINDOWS\system32\cfgmgr32.dll
0x0000000053c00000 - 0x0000000053c0f000 	C:\Program Files (x86)\Minecraft\runtime\jre-x64\1.8.0_25\bin\verify.dll
0x0000000052800000 - 0x0000000052828000 	C:\Program Files (x86)\Minecraft\runtime\jre-x64\1.8.0_25\bin\java.dll
0x00000000527c0000 - 0x00000000527f5000 	C:\Program Files (x86)\Minecraft\runtime\jre-x64\1.8.0_25\bin\jdwp.dll
0x00000000527b0000 - 0x00000000527b8000 	C:\Program Files (x86)\Minecraft\runtime\jre-x64\1.8.0_25\bin\npt.dll
0x0000000052790000 - 0x00000000527a6000 	C:\Program Files (x86)\Minecraft\runtime\jre-x64\1.8.0_25\bin\zip.dll
0x00007ffebfad0000 - 0x00007ffec102f000 	C:\WINDOWS\system32\SHELL32.dll
0x00007ffebeda0000 - 0x00007ffebf3e4000 	C:\WINDOWS\system32\windows.storage.dll
0x00007ffec21f0000 - 0x00007ffec2242000 	C:\WINDOWS\system32\shlwapi.dll
0x00007ffebeaa0000 - 0x00007ffebeaaf000 	C:\WINDOWS\system32\kernel.appcore.dll
0x00007ffebece0000 - 0x00007ffebed95000 	C:\WINDOWS\system32\shcore.dll
0x00007ffebea40000 - 0x00007ffebea8b000 	C:\WINDOWS\system32\powrprof.dll
0x00007ffebeab0000 - 0x00007ffebeac4000 	C:\WINDOWS\system32\profapi.dll
0x0000000052780000 - 0x0000000052789000 	C:\Program Files (x86)\Minecraft\runtime\jre-x64\1.8.0_25\bin\dt_socket.dll
0x00007ffebcde0000 - 0x00007ffebcdf8000 	C:\WINDOWS\system32\NLAapi.dll
0x00007ffeb2330000 - 0x00007ffeb2346000 	C:\WINDOWS\system32\napinsp.dll
0x00007ffeb01e0000 - 0x00007ffeb01fa000 	C:\WINDOWS\system32\pnrpnsp.dll
0x00007ffebe310000 - 0x00007ffebe36c000 	C:\WINDOWS\System32\mswsock.dll
0x00007ffebd460000 - 0x00007ffebd50a000 	C:\WINDOWS\SYSTEM32\DNSAPI.dll
0x00007ffec2270000 - 0x00007ffec2278000 	C:\WINDOWS\system32\NSI.dll
0x00007ffeb0080000 - 0x00007ffeb008d000 	C:\WINDOWS\System32\winrnr.dll
0x00007ffebb8b0000 - 0x00007ffebb8c5000 	C:\WINDOWS\System32\wshbth.dll
0x00000000541a0000 - 0x00000000541c6000 	C:\Program Files\Bonjour\mdnsNSP.dll
0x00007ffebb300000 - 0x00007ffebb338000 	C:\WINDOWS\SYSTEM32\Iphlpapi.DLL
0x00007ffeb9000000 - 0x00007ffeb9067000 	C:\WINDOWS\System32\fwpuclnt.dll
0x00007ffebe970000 - 0x00007ffebe999000 	C:\WINDOWS\SYSTEM32\bcrypt.dll
0x00007ffeb4570000 - 0x00007ffeb457a000 	C:\Windows\System32\rasadhlp.dll
0x0000000052770000 - 0x000000005277d000 	C:\Program Files (x86)\Minecraft\runtime\jre-x64\1.8.0_25\bin\management.dll
0x0000000052750000 - 0x000000005276a000 	C:\Program Files (x86)\Minecraft\runtime\jre-x64\1.8.0_25\bin\net.dll
0x0000000052730000 - 0x0000000052741000 	C:\Program Files (x86)\Minecraft\runtime\jre-x64\1.8.0_25\bin\nio.dll
0x00007ffebe3c0000 - 0x00007ffebe3d7000 	C:\WINDOWS\SYSTEM32\CRYPTSP.dll
0x00007ffebe050000 - 0x00007ffebe084000 	C:\WINDOWS\system32\rsaenh.dll
0x00007ffebe1a0000 - 0x00007ffebe1bf000 	C:\WINDOWS\SYSTEM32\USERENV.dll
0x00007ffebe4e0000 - 0x00007ffebe4eb000 	C:\WINDOWS\SYSTEM32\CRYPTBASE.dll
0x00007ffeb8ec0000 - 0x00007ffeb8ed6000 	C:\WINDOWS\SYSTEM32\dhcpcsvc6.DLL
0x00007ffeb8f80000 - 0x00007ffeb8f9a000 	C:\WINDOWS\SYSTEM32\dhcpcsvc.DLL
0x00007ffeb22c0000 - 0x00007ffeb22ca000 	C:\Users\Zach\AppData\Local\Temp\jansi-64-9142834552742463790.dll
0x0000000052700000 - 0x0000000052724000 	C:\Program Files (x86)\Minecraft\runtime\jre-x64\1.8.0_25\bin\sunec.dll
0x0000000180000000 - 0x0000000180053000 	C:\Users\Zach\.gradle\caches\minecraft\net\minecraft\natives\1.8.9\lwjgl64.dll
0x00007ffea1870000 - 0x00007ffea1999000 	C:\WINDOWS\SYSTEM32\OPENGL32.dll
0x00007ffeb3c10000 - 0x00007ffeb3c1a000 	C:\WINDOWS\SYSTEM32\VERSION.dll
0x00007ffea6ee0000 - 0x00007ffea6f0e000 	C:\WINDOWS\SYSTEM32\GLU32.dll
0x00007ffea1770000 - 0x00007ffea186a000 	C:\WINDOWS\SYSTEM32\DDRAW.dll
0x00007ffeb22b0000 - 0x00007ffeb22b8000 	C:\WINDOWS\SYSTEM32\DCIMAN32.dll
0x0000000052560000 - 0x00000000526f8000 	C:\Program Files (x86)\Minecraft\runtime\jre-x64\1.8.0_25\bin\awt.dll
0x00007ffec1620000 - 0x00007ffec16e1000 	C:\WINDOWS\system32\OLEAUT32.dll
0x00007ffebd210000 - 0x00007ffebd289000 	C:\WINDOWS\system32\apphelp.dll
0x00007ffebd350000 - 0x00007ffebd3e6000 	C:\WINDOWS\system32\uxtheme.dll
0x00007ffec2280000 - 0x00007ffec23da000 	C:\WINDOWS\system32\MSCTF.dll
0x00007ffebb760000 - 0x00007ffebb782000 	C:\WINDOWS\system32\dwmapi.dll
0x00007ffe8fe20000 - 0x00007ffe90aa4000 	C:\WINDOWS\SYSTEM32\ig4icd64.dll
0x00007ffea1b60000 - 0x00007ffea1bf1000 	C:\WINDOWS\SYSTEM32\mscms.dll
0x00007ffea1720000 - 0x00007ffea1762000 	C:\WINDOWS\SYSTEM32\icm32.dll
0x000000001a260000 - 0x000000001a298000 	C:\Users\Zach\AppData\Local\Temp\jna\jna1691413499809201133.dll
0x0000000070a40000 - 0x0000000070adc000 	C:\Users\Zach\.gradle\caches\minecraft\net\minecraft\natives\1.8.9\avutil-ttv-51.dll
0x0000000065980000 - 0x00000000659d6000 	C:\Users\Zach\.gradle\caches\minecraft\net\minecraft\natives\1.8.9\swresample-ttv-0.dll
0x000000006eb80000 - 0x000000006ec50000 	C:\Users\Zach\.gradle\caches\minecraft\net\minecraft\natives\1.8.9\libmp3lame-ttv.dll
0x00007ffe8cdd0000 - 0x00007ffe8e174000 	C:\Users\Zach\.gradle\caches\minecraft\net\minecraft\natives\1.8.9\libmfxsw64.dll
0x00007ffe9f200000 - 0x00007ffe9f36d000 	C:\Users\Zach\.gradle\caches\minecraft\net\minecraft\natives\1.8.9\twitchsdk.dll
0x00007ffec18c0000 - 0x00007ffec1a03000 	C:\WINDOWS\system32\ole32.dll
0x00007ffeaf510000 - 0x00007ffeaf79e000 	C:\WINDOWS\SYSTEM32\WININET.dll
0x000000001bb00000 - 0x000000001bb64000 	C:\Users\Zach\.gradle\caches\minecraft\net\minecraft\natives\1.8.9\OpenAL64.dll
0x00007ffebfa20000 - 0x00007ffebfac7000 	C:\WINDOWS\system32\clbcatq.dll
0x00007ffebb4f0000 - 0x00007ffebb560000 	C:\WINDOWS\System32\MMDevApi.dll
0x00007ffebb980000 - 0x00007ffebbb06000 	C:\WINDOWS\System32\PROPSYS.dll
0x00007ffebd510000 - 0x00007ffebd537000 	C:\WINDOWS\System32\DEVOBJ.dll
0x00007ffe9f160000 - 0x00007ffe9f1fc000 	C:\WINDOWS\SYSTEM32\dsound.dll
0x00007ffeb7f60000 - 0x00007ffeb7fe8000 	C:\WINDOWS\SYSTEM32\AUDIOSES.DLL
0x00007ffeb9070000 - 0x00007ffeb91a6000 	C:\WINDOWS\SYSTEM32\wintypes.dll
0x00007ffe9d410000 - 0x00007ffe9d59c000 	C:\WINDOWS\SYSTEM32\dbghelp.dll

VM Arguments:
jvm_args: -agentlib:jdwp=transport=dt_socket,suspend=y,address=localhost:57327 -Dfile.encoding=Cp1252 
java_command: GradleStart --tweakClass net.minecraftforge.fml.common.launcher.FMLTweaker --username zdowding@gmail.com --password Harrypotter2 --userProperties={}
java_class_path (initial): C:\Users\Zach\Documents\Development\MinecraftDevelopment\Mods\EDM-1.8.9\bin;C:\Users\Zach\.gradle\caches\minecraft\net\minecraftforge\forge\1.8.9-11.15.1.1722\stable\20\forgeBin-1.8.9-11.15.1.1722.jar;C:\Users\Zach\.gradle\caches\modules-2\files-2.1\oshi-project\oshi-core\1.1\9ddf7b048a8d701be231c0f4f95fd986198fd2d8\oshi-core-1.1.jar;C:\Users\Zach\.gradle\caches\modules-2\files-2.1\net.java.dev.jna\jna\3.4.0\803ff252fedbd395baffd43b37341dc4a150a554\jna-3.4.0.jar;C:\Users\Zach\.gradle\caches\modules-2\files-2.1\net.java.dev.jna\platform\3.4.0\e3f70017be8100d3d6923f50b3d2ee17714e9c13\platform-3.4.0.jar;C:\Users\Zach\.gradle\caches\modules-2\files-2.1\com.ibm.icu\icu4j-core-mojang\51.2\63d216a9311cca6be337c1e458e587f99d382b84\icu4j-core-mojang-51.2.jar;C:\Users\Zach\.gradle\caches\modules-2\files-2.1\net.sf.jopt-simple\jopt-simple\4.6\306816fb57cf94f108a43c95731b08934dcae15c\jopt-simple-4.6.jar;C:\Users\Zach\.gradle\caches\modules-2\files-2.1\com.paulscode\codecjorbis\20101023\c73b5636faf089d9f00e8732a829577de25237ee\codecjorbis-20101023.jar;C:\Users\Zach\.gradle\caches\modules-2\files-2.1\com.paulscode\codecwav\20101023\12f031cfe88fef5c1dd36c563c0a3a69bd7261da\codecwav-20101023.jar;C:\Users\Zach\.gradle\caches\modules-2\files-2.1\com.paulscode\libraryjavasound\20101123\5c5e304366f75f9eaa2e8cca546a1fb6109348b3\libraryjavasound-20101123.jar;C:\Users\Zach\.gradle\caches\modules-2\files-2.1\com.paulscode\librarylwjglopenal\20100824\73e80d0794c39665aec3f62eee88ca91676674ef\librarylwjglopenal-20100824.jar;C:\Users\Zach\.gradle\caches\modules-2\files-2.1\com.paulscode\soundsystem\20120107\419c05fe9be71f792b2d76cfc9b67f1ed0fec7f6\soundsystem-20120107.jar;C:\Users\Zach\.gradle\caches\modules-2\files-2.1\io.netty\netty-all\4.0.23.Final\294104aaf1781d6a56a07d561e792c5d0c95f45\netty-all-4.0.23.Final.jar;C:\Users\Zach\.gradle\caches\modules-2\files-2.1\com.google.guava\guava\17.0\9c6ef172e8de35fd8d4d8783e4821e57cdef7445\guava-17.0.jar;C:\Users\Zach\.gr
Launcher Type: SUN_STANDARD

Environment Variables:
JAVA_HOME=C:\Program Files\Java\jre1.8.0_66
PATH=C:/Program Files/Java/jre1.8.0_71/bin/server;C:/Program Files/Java/jre1.8.0_71/bin;C:/Program Files/Java/jre1.8.0_71/lib/amd64;C:\Python27\;C:\Python27\Scripts;C:\ProgramData\Oracle\Java\javapath;C:\Program Files (x86)\iis express\PHP\v5.3;C:\Program Files\Common Files\Microsoft Shared\Windows Live;C:\Program Files (x86)\Common Files\Microsoft Shared\Windows Live;C:\Windows\system32;C:\Windows;C:\Windows\System32\Wbem;C:\Windows\System32\WindowsPowerShell\v1.0\;C:\Program Files\Intel\WiFi\bin\;C:\Program Files\Common Files\Intel\WirelessCommon\;C:\Program Files (x86)\Common Files\Roxio Shared\DLLShared\;C:\Program Files (x86)\Common Files\Roxio Shared\OEM\DLLShared\;C:\Program Files (x86)\Common Files\Roxio Shared\OEM\12.0\DLLShared\;C:\Program Files (x86)\Roxio\OEM\AudioCore\;C:\Program Files (x86)\Windows Live\Shared;C:\Program Files\Microsoft SQL Server\120\Tools\Binn\;C:\Program Files (x86)\GtkSharp\2.12\bin;C:\Program Files (x86)\Skype\Phone\;C:\Users\Zach\AppData\;C:\WINDOWS\system32;C:\WINDOWS;C:\WINDOWS\System32\Wbem;C:\WINDOWS\System32\WindowsPowerShell\v1.0\;C:\Program Files (x86)\Windows Kits\10\Windows Performance Toolkit\;C:\Program Files (x86)\Microsoft Team Foundation Server 2015 Power Tools\;C:\Program Files\Microsoft SQL Server\110\Tools\Binn\;C:\Program Files (x86)\nodejs\;C:\Program Files\Microsoft\Web Platform Installer\;C:\Program Files (x86)\Inno Setup 5\;C:\Program Files\Dart\dart-sdk\bin;C:\Ant\bin;C:\HaxeToolkit\haxe\;C:\HaxeToolkit\neko;C:\Strawberry\c\bin;C:\Strawberry\perl\site\bin;C:\Strawberry\perl\bin;C:\Program Files (x86)\scala\bin;C:\Program Files\erl7.0\bin;C:\Program Files (x86)\Elixir\bin;C:\Ruby22-x64\bin;C:\Users\Zach\AppData\Roaming\npm; C:\Program Files (x86)\Inno Setup 5;C:\Program Files (x86)\Microsoft VS Code\bin;C:\GNUstep\bin;C:\GNUstep\GNUstep\System\Tools;C:\Users\Zach\AppData\Local\atom\bin;C:\Users\Zach\AppData\Local\Julia-0.4.1\bin;C:\Users\Zach\Documents\Development\eclipse;
USERNAME=Zach
OS=Windows_NT
PROCESSOR_IDENTIFIER=Intel64 Family 6 Model 42 Stepping 7, GenuineIntel



---------------  S Y S T E M  ---------------

OS: Windows 8.1 , 64 bit Build 9600 

CPU:total 4 (2 cores per cpu, 2 threads per core) family 6 model 42 stepping 7, cmov, cx8, fxsr, mmx, sse, sse2, sse3, ssse3, sse4.1, sse4.2, popcnt, avx, clmul, ht, tsc, tscinvbit

Memory: 4k page, physical 6175728k(2054576k free), swap 12467184k(7370892k free)

vm_info: Java HotSpot(TM) 64-Bit Server VM (25.25-b02) for windows-amd64 JRE (1.8.0_25-b18), built on Oct  7 2014 14:25:37 by "java_re" with MS VC++ 10.0 (VS2010)

time: Mon Feb 01 19:46:03 2016
elapsed time: 53 seconds (0d 0h 0m 53s)

