#
# A fatal error has been detected by the Java Runtime Environment:
#
#  EXCEPTION_ACCESS_VIOLATION (0xc0000005) at pc=0x00007ffe9f289fe2, pid=6816, tid=4824
#
# JRE version: Java(TM) SE Runtime Environment (8.0_25-b18) (build 1.8.0_25-b18)
# Java VM: Java HotSpot(TM) 64-Bit Server VM (25.25-b02 mixed mode windows-amd64 compressed oops)
# Problematic frame:
# C  [twitchsdk.dll+0x89fe2]
#
# Failed to write core dump. Minidumps are not enabled by default on client versions of Windows
#
# If you would like to submit a bug report, please visit:
#   http://bugreport.sun.com/bugreport/crash.jsp
#

---------------  T H R E A D  ---------------

Current thread (0x0000000015c15000):  VMThread [stack: 0x0000000016ca0000,0x0000000016da0000] [id=4824]

siginfo: ExceptionCode=0xc0000005, reading address 0x0000000000000000

Registers:
RAX=0x00007ffe9f2f9858, RBX=0x000000001fcf53f0, RCX=0x0000000000000000, RDX=0x00000000188a9d50
RSP=0x0000000016d9f240, RBP=0x0000000015b25400, RSI=0x000000001fcf5230, RDI=0x000000001fcf7e20
R8 =0x0000000000181c80, R9 =0x0000000000000000, R10=0x0000000000000000, R11=0x0000000000000064
R12=0x000000001fcf7d50, R13=0x0000000000000000, R14=0x0000000000000001, R15=0x000000001fcf7e40
RIP=0x00007ffe9f289fe2, EFLAGS=0x0000000000010206

Top of Stack: (sp=0x0000000016d9f240)
0x0000000016d9f240:   0000000015b25400 00007ffe9f20e1ae
0x0000000016d9f250:   00000000004ba230 000000001fce4d70
0x0000000016d9f260:   fffffffffffffffe 000000001fcf7e20
0x0000000016d9f270:   000000001fcf53e0 00007ffe9f253b79
0x0000000016d9f280:   000000001fcf53f0 00007ffe9f20e1ae
0x0000000016d9f290:   000000001fce5630 000000001fce5630
0x0000000016d9f2a0:   000000001fce5390 000000001fceac20
0x0000000016d9f2b0:   000000001fcf7e20 00007ffe9f28a0de
0x0000000016d9f2c0:   000000001fce5630 000000001fcf5230
0x0000000016d9f2d0:   000000002418f0f0 00007ffec24b2827
0x0000000016d9f2e0:   000000001fcf7e20 00007ffe9f2dd965
0x0000000016d9f2f0:   000000002418f0e0 000000001fcf7d50
0x0000000016d9f300:   0000000000000000 000000001fce4bb0
0x0000000016d9f310:   00007ffe9f2dd940 00007ffe9f2a781f
0x0000000016d9f320:   000000001fcf7e20 00007ffea6fe9a51
0x0000000016d9f330:   0000000000000000 0000000000000001 

Instructions: (pc=0x00007ffe9f289fe2)
0x00007ffe9f289fc2:   10 48 89 5c 24 40 48 8d 05 89 f8 06 00 48 89 03
0x00007ffe9f289fd2:   48 8b 53 08 48 85 d2 74 18 48 8b 0d 3e cb 0c 00
0x00007ffe9f289fe2:   48 8b 01 ff 90 b0 00 00 00 48 c7 43 08 00 00 00
0x00007ffe9f289ff2:   00 48 8d 4b 10 48 83 c4 30 5b e9 5f f7 f7 ff cc 


Register to memory mapping:

RAX=0x00007ffe9f2f9858 is an unknown value
RBX=0x000000001fcf53f0 is an unknown value
RCX=0x0000000000000000 is an unknown value
RDX=0x00000000188a9d50 is a global jni handle
RSP=0x0000000016d9f240 is an unknown value
RBP=0x0000000015b25400 is an unknown value
RSI=0x000000001fcf5230 is an unknown value
RDI=0x000000001fcf7e20 is an unknown value
R8 =0x0000000000181c80 is an unknown value
R9 =0x0000000000000000 is an unknown value
R10=0x0000000000000000 is an unknown value
R11=0x0000000000000064 is an unknown value
R12=0x000000001fcf7d50 is an unknown value
R13=0x0000000000000000 is an unknown value
R14=0x0000000000000001 is an unknown value
R15=0x000000001fcf7e40 is an unknown value


Stack: [0x0000000016ca0000,0x0000000016da0000],  sp=0x0000000016d9f240,  free space=1020k
Native frames: (J=compiled Java code, j=interpreted, Vv=VM code, C=native code)
C  [twitchsdk.dll+0x89fe2]
C  [twitchsdk.dll+0x53b79]
C  [twitchsdk.dll+0x8a0de]
C  [twitchsdk.dll+0xdd965]
C  [twitchsdk.dll+0xa781f]
C  [twitchsdk.dll+0x9c43a]
C  [twitchsdk.dll+0x9c603]
C  [ntdll.dll+0x14fc8]
C  [ntdll.dll+0x5b01a]
C  [ntdll.dll+0x5aeaa]
C  [KERNEL32.DLL+0x24d8a]
C  [msvcr100.dll+0x20ccd]
V  [jvm.dll+0x1f9c55]
V  [jvm.dll+0x2325e7]
V  [jvm.dll+0x231826]
V  [jvm.dll+0x231cc1]
V  [jvm.dll+0x231ede]
V  [jvm.dll+0x2852fa]
C  [msvcr100.dll+0x21d9f]
C  [msvcr100.dll+0x21e3b]
C  [KERNEL32.DLL+0x18102]
C  [ntdll.dll+0x5c2e4]

VM_Operation (0x00000000022cd9e0): Exit, mode: safepoint, requested by thread 0x00000000022d7000


---------------  P R O C E S S  ---------------

Java Threads: ( => current thread )
  0x000000002b848800 JavaThread "EDM Version Check" [_thread_blocked, id=11584, stack(0x0000000034860000,0x0000000034960000)]
  0x000000002b84a800 JavaThread "Chunk Batcher 1" daemon [_thread_blocked, id=6724, stack(0x0000000030ee0000,0x0000000030fe0000)]
  0x000000002b846000 JavaThread "Chunk Batcher 0" daemon [_thread_blocked, id=11032, stack(0x0000000030de0000,0x0000000030ee0000)]
  0x000000002b845800 JavaThread "Thread-10" [_thread_blocked, id=2416, stack(0x00000000309e0000,0x0000000030ae0000)]
  0x000000001d30c800 JavaThread "Thread-9" [_thread_blocked, id=1192, stack(0x00000000305e0000,0x00000000306e0000)]
  0x000000001b587800 JavaThread "LWJGL Timer" daemon [_thread_blocked, id=8660, stack(0x0000000026af0000,0x0000000026bf0000)]
  0x0000000017ee2800 JavaThread "Thread-7" [_thread_blocked, id=5048, stack(0x0000000024930000,0x0000000024a30000)]
  0x000000001a81c800 JavaThread "Java2D Disposer" daemon [_thread_blocked, id=10684, stack(0x000000001e0e0000,0x000000001e1e0000)]
  0x000000001dc1f800 JavaThread "Timer hack thread" daemon [_thread_blocked, id=8136, stack(0x000000001dfe0000,0x000000001e0e0000)]
  0x00000000190b4800 JavaThread "Snooper Timer" daemon [_thread_blocked, id=8836, stack(0x000000001cf00000,0x000000001d000000)]
  0x000000001c360800 JavaThread "Snooper Timer" daemon [_thread_blocked, id=10312, stack(0x000000001b7e0000,0x000000001b8e0000)]
  0x0000000015cad800 JavaThread "Service Thread" daemon [_thread_blocked, id=8520, stack(0x0000000017f60000,0x0000000018060000)]
  0x0000000015c81800 JavaThread "C1 CompilerThread2" daemon [_thread_blocked, id=13032, stack(0x0000000017a60000,0x0000000017b60000)]
  0x0000000015c81000 JavaThread "C2 CompilerThread1" daemon [_thread_blocked, id=8524, stack(0x0000000017960000,0x0000000017a60000)]
  0x0000000015c7b000 JavaThread "C2 CompilerThread0" daemon [_thread_blocked, id=8184, stack(0x0000000017860000,0x0000000017960000)]
  0x0000000015c6c000 JavaThread "JDWP Event Helper Thread" daemon [_thread_blocked, id=10212, stack(0x0000000017660000,0x0000000017760000)]
  0x0000000015c5e000 JavaThread "JDWP Transport Listener: dt_socket" daemon [_thread_blocked, id=12152, stack(0x00000000171c0000,0x00000000172c0000)]
  0x0000000015c53800 JavaThread "Attach Listener" daemon [_thread_blocked, id=11024, stack(0x00000000170a0000,0x00000000171a0000)]
  0x00000000023cc000 JavaThread "Finalizer" daemon [_thread_blocked, id=11136, stack(0x0000000016ea0000,0x0000000016fa0000)]
  0x00000000023c1000 JavaThread "Reference Handler" daemon [_thread_blocked, id=5388, stack(0x0000000016da0000,0x0000000016ea0000)]
  0x00000000022d7000 JavaThread "Client thread" [_thread_blocked, id=7464, stack(0x00000000021d0000,0x00000000022d0000)]

Other Threads:
=>0x0000000015c15000 VMThread [stack: 0x0000000016ca0000,0x0000000016da0000] [id=4824]

VM state:at safepoint (shutting down)

VM Mutex/Monitor currently owned by a thread:  ([mutex/lock_event])
[0x00000000022d4110] Threads_lock - owner thread: 0x0000000015c15000

Heap:
 PSYoungGen      total 392704K, used 114537K [0x00000000e0980000, 0x00000000fdd80000, 0x0000000100000000)
  eden space 364032K, 23% used [0x00000000e0980000,0x00000000e5d5ebc8,0x00000000f6d00000)
  from space 28672K, 99% used [0x00000000f6d00000,0x00000000f88fb880,0x00000000f8900000)
  to   space 40960K, 0% used [0x00000000fb580000,0x00000000fb580000,0x00000000fdd80000)
 ParOldGen       total 186880K, used 126959K [0x00000000a1c00000, 0x00000000ad280000, 0x00000000e0980000)
  object space 186880K, 67% used [0x00000000a1c00000,0x00000000a97fbcb8,0x00000000ad280000)
 Metaspace       used 38411K, capacity 38641K, committed 39040K, reserved 1083392K
  class space    used 4796K, capacity 4900K, committed 4992K, reserved 1048576K

Card table byte_map: [0x0000000011790000,0x0000000011a90000] byte_map_base: 0x0000000011282000

Marking Bits: (ParMarkBitMap*) 0x00000000530ed490
 Begin Bits: [0x0000000012090000, 0x0000000013820000)
 End Bits:   [0x0000000013820000, 0x0000000014fb0000)

Polling page: 0x0000000000450000

CodeCache: size=245760Kb used=16964Kb max_used=16967Kb free=228795Kb
 bounds [0x00000000023d0000, 0x0000000003480000, 0x00000000113d0000]
 total_blobs=5220 nmethods=4515 adapters=625
 compilation: enabled

Compilation events (10 events):
Event: 40.025 Thread 0x0000000015c81800 nmethod 5726 0x0000000003464850 code [0x0000000003464b80, 0x0000000003466848]
Event: 40.029 Thread 0x0000000015c7b000 nmethod 5704 0x0000000003472c10 code [0x0000000003472dc0, 0x0000000003473d58]
Event: 40.037 Thread 0x0000000015c81800 5727   !   3       org.apache.logging.log4j.core.config.AppenderControl::callAppender (405 bytes)
Event: 40.048 Thread 0x0000000015c81800 nmethod 5727 0x0000000003474e10 code [0x0000000003475440, 0x0000000003479af8]
Event: 40.048 Thread 0x0000000015c81800 5728       3       org.apache.logging.log4j.core.layout.PatternLayout::toSerializable (6 bytes)
Event: 40.048 Thread 0x0000000015c81800 nmethod 5728 0x0000000003464410 code [0x0000000003464580, 0x00000000034647a8]
Event: 40.049 Thread 0x0000000015c81800 5729   !   3       org.apache.logging.log4j.core.pattern.DatePatternConverter::format (65 bytes)
Event: 40.050 Thread 0x0000000015c81800 nmethod 5729 0x00000000034716d0 code [0x00000000034718c0, 0x0000000003472438]
Event: 40.051 Thread 0x0000000015c81800 5730       3       org.apache.logging.log4j.core.helpers.NameUtil::getSubName (32 bytes)
Event: 40.052 Thread 0x0000000015c81800 nmethod 5730 0x0000000002626090 code [0x0000000002626220, 0x00000000026267b8]

GC Heap History (10 events):
Event: 25.362 GC heap before
{Heap before GC invocations=20 (full 3):
 PSYoungGen      total 324608K, used 299381K [0x00000000e0980000, 0x00000000f6f00000, 0x0000000100000000)
  eden space 297984K, 100% used [0x00000000e0980000,0x00000000f2c80000,0x00000000f2c80000)
  from space 26624K, 5% used [0x00000000f4d80000,0x00000000f4edd520,0x00000000f6780000)
  to   space 33792K, 0% used [0x00000000f2c80000,0x00000000f2c80000,0x00000000f4d80000)
 ParOldGen       total 186880K, used 101887K [0x00000000a1c00000, 0x00000000ad280000, 0x00000000e0980000)
  object space 186880K, 54% used [0x00000000a1c00000,0x00000000a7f7ff40,0x00000000ad280000)
 Metaspace       used 34828K, capacity 35101K, committed 35456K, reserved 1081344K
  class space    used 4366K, capacity 4447K, committed 4480K, reserved 1048576K
Event: 25.409 GC heap after
Heap after GC invocations=20 (full 3):
 PSYoungGen      total 331776K, used 15134K [0x00000000e0980000, 0x00000000fa180000, 0x0000000100000000)
  eden space 297984K, 0% used [0x00000000e0980000,0x00000000e0980000,0x00000000f2c80000)
  from space 33792K, 44% used [0x00000000f2c80000,0x00000000f3b47908,0x00000000f4d80000)
  to   space 31744K, 0% used [0x00000000f8280000,0x00000000f8280000,0x00000000fa180000)
 ParOldGen       total 186880K, used 103361K [0x00000000a1c00000, 0x00000000ad280000, 0x00000000e0980000)
  object space 186880K, 55% used [0x00000000a1c00000,0x00000000a80f06b8,0x00000000ad280000)
 Metaspace       used 34828K, capacity 35101K, committed 35456K, reserved 1081344K
  class space    used 4366K, capacity 4447K, committed 4480K, reserved 1048576K
}
Event: 28.504 GC heap before
{Heap before GC invocations=21 (full 3):
 PSYoungGen      total 331776K, used 313118K [0x00000000e0980000, 0x00000000fa180000, 0x0000000100000000)
  eden space 297984K, 100% used [0x00000000e0980000,0x00000000f2c80000,0x00000000f2c80000)
  from space 33792K, 44% used [0x00000000f2c80000,0x00000000f3b47908,0x00000000f4d80000)
  to   space 31744K, 0% used [0x00000000f8280000,0x00000000f8280000,0x00000000fa180000)
 ParOldGen       total 186880K, used 103361K [0x00000000a1c00000, 0x00000000ad280000, 0x00000000e0980000)
  object space 186880K, 55% used [0x00000000a1c00000,0x00000000a80f06b8,0x00000000ad280000)
 Metaspace       used 35844K, capacity 36067K, committed 36352K, reserved 1081344K
  class space    used 4464K, capacity 4512K, committed 4608K, reserved 1048576K
Event: 28.525 GC heap after
Heap after GC invocations=21 (full 3):
 PSYoungGen      total 345600K, used 14268K [0x00000000e0980000, 0x00000000f9080000, 0x0000000100000000)
  eden space 331264K, 0% used [0x00000000e0980000,0x00000000e0980000,0x00000000f4d00000)
  from space 14336K, 99% used [0x00000000f8280000,0x00000000f906f088,0x00000000f9080000)
  to   space 30208K, 0% used [0x00000000f5580000,0x00000000f5580000,0x00000000f7300000)
 ParOldGen       total 186880K, used 103369K [0x00000000a1c00000, 0x00000000ad280000, 0x00000000e0980000)
  object space 186880K, 55% used [0x00000000a1c00000,0x00000000a80f26b8,0x00000000ad280000)
 Metaspace       used 35844K, capacity 36067K, committed 36352K, reserved 1081344K
  class space    used 4464K, capacity 4512K, committed 4608K, reserved 1048576K
}
Event: 31.769 GC heap before
{Heap before GC invocations=22 (full 3):
 PSYoungGen      total 345600K, used 345532K [0x00000000e0980000, 0x00000000f9080000, 0x0000000100000000)
  eden space 331264K, 100% used [0x00000000e0980000,0x00000000f4d00000,0x00000000f4d00000)
  from space 14336K, 99% used [0x00000000f8280000,0x00000000f906f088,0x00000000f9080000)
  to   space 30208K, 0% used [0x00000000f5580000,0x00000000f5580000,0x00000000f7300000)
 ParOldGen       total 186880K, used 103369K [0x00000000a1c00000, 0x00000000ad280000, 0x00000000e0980000)
  object space 186880K, 55% used [0x00000000a1c00000,0x00000000a80f26b8,0x00000000ad280000)
 Metaspace       used 36045K, capacity 36265K, committed 36608K, reserved 1081344K
  class space    used 4465K, capacity 4513K, committed 4608K, reserved 1048576K
Event: 31.783 GC heap after
Heap after GC invocations=22 (full 3):
 PSYoungGen      total 370176K, used 15562K [0x00000000e0980000, 0x00000000fa580000, 0x0000000100000000)
  eden space 339968K, 0% used [0x00000000e0980000,0x00000000e0980000,0x00000000f5580000)
  from space 30208K, 51% used [0x00000000f5580000,0x00000000f64b2a38,0x00000000f7300000)
  to   space 29184K, 0% used [0x00000000f8900000,0x00000000f8900000,0x00000000fa580000)
 ParOldGen       total 186880K, used 103377K [0x00000000a1c00000, 0x00000000ad280000, 0x00000000e0980000)
  object space 186880K, 55% used [0x00000000a1c00000,0x00000000a80f46b8,0x00000000ad280000)
 Metaspace       used 36045K, capacity 36265K, committed 36608K, reserved 1081344K
  class space    used 4465K, capacity 4513K, committed 4608K, reserved 1048576K
}
Event: 35.742 GC heap before
{Heap before GC invocations=23 (full 3):
 PSYoungGen      total 370176K, used 355530K [0x00000000e0980000, 0x00000000fa580000, 0x0000000100000000)
  eden space 339968K, 100% used [0x00000000e0980000,0x00000000f5580000,0x00000000f5580000)
  from space 30208K, 51% used [0x00000000f5580000,0x00000000f64b2a38,0x00000000f7300000)
  to   space 29184K, 0% used [0x00000000f8900000,0x00000000f8900000,0x00000000fa580000)
 ParOldGen       total 186880K, used 103377K [0x00000000a1c00000, 0x00000000ad280000, 0x00000000e0980000)
  object space 186880K, 55% used [0x00000000a1c00000,0x00000000a80f46b8,0x00000000ad280000)
 Metaspace       used 36066K, capacity 36265K, committed 36608K, reserved 1081344K
  class space    used 4466K, capacity 4513K, committed 4608K, reserved 1048576K
Event: 35.762 GC heap after
Heap after GC invocations=23 (full 3):
 PSYoungGen      total 393216K, used 18474K [0x00000000e0980000, 0x00000000faa00000, 0x0000000100000000)
  eden space 364032K, 0% used [0x00000000e0980000,0x00000000e0980000,0x00000000f6d00000)
  from space 29184K, 63% used [0x00000000f8900000,0x00000000f9b0ab20,0x00000000fa580000)
  to   space 28672K, 0% used [0x00000000f6d00000,0x00000000f6d00000,0x00000000f8900000)
 ParOldGen       total 186880K, used 103385K [0x00000000a1c00000, 0x00000000ad280000, 0x00000000e0980000)
  object space 186880K, 55% used [0x00000000a1c00000,0x00000000a80f66b8,0x00000000ad280000)
 Metaspace       used 36066K, capacity 36265K, committed 36608K, reserved 1081344K
  class space    used 4466K, capacity 4513K, committed 4608K, reserved 1048576K
}
Event: 39.503 GC heap before
{Heap before GC invocations=24 (full 3):
 PSYoungGen      total 393216K, used 382506K [0x00000000e0980000, 0x00000000faa00000, 0x0000000100000000)
  eden space 364032K, 100% used [0x00000000e0980000,0x00000000f6d00000,0x00000000f6d00000)
  from space 29184K, 63% used [0x00000000f8900000,0x00000000f9b0ab20,0x00000000fa580000)
  to   space 28672K, 0% used [0x00000000f6d00000,0x00000000f6d00000,0x00000000f8900000)
 ParOldGen       total 186880K, used 103385K [0x00000000a1c00000, 0x00000000ad280000, 0x00000000e0980000)
  object space 186880K, 55% used [0x00000000a1c00000,0x00000000a80f66b8,0x00000000ad280000)
 Metaspace       used 37676K, capacity 37929K, committed 38400K, reserved 1083392K
  class space    used 4648K, capacity 4769K, committed 4864K, reserved 1048576K
Event: 39.557 GC heap after
Heap after GC invocations=24 (full 3):
 PSYoungGen      total 392704K, used 28654K [0x00000000e0980000, 0x00000000fdd80000, 0x0000000100000000)
  eden space 364032K, 0% used [0x00000000e0980000,0x00000000e0980000,0x00000000f6d00000)
  from space 28672K, 99% used [0x00000000f6d00000,0x00000000f88fb880,0x00000000f8900000)
  to   space 40960K, 0% used [0x00000000fb580000,0x00000000fb580000,0x00000000fdd80000)
 ParOldGen       total 186880K, used 126959K [0x00000000a1c00000, 0x00000000ad280000, 0x00000000e0980000)
  object space 186880K, 67% used [0x00000000a1c00000,0x00000000a97fbcb8,0x00000000ad280000)
 Metaspace       used 37676K, capacity 37929K, committed 38400K, reserved 1083392K
  class space    used 4648K, capacity 4769K, committed 4864K, reserved 1048576K
}

Deoptimization events (10 events):
Event: 29.358 Thread 0x00000000022d7000 Uncommon trap: reason=null_check action=make_not_entrant pc=0x0000000002c2bb28 method=com.google.gson.JsonPrimitive.isPrimitiveOrString(Ljava/lang/Object;)Z @ 39
Event: 31.787 Thread 0x00000000023cc000 Uncommon trap: reason=unreached action=reinterpret pc=0x00000000029c1cd0 method=java.lang.ref.ReferenceQueue.poll()Ljava/lang/ref/Reference; @ 4
Event: 35.346 Thread 0x00000000022d7000 Uncommon trap: reason=null_check action=make_not_entrant pc=0x0000000003223ce8 method=com.google.gson.Gson.getAdapter(Lcom/google/gson/reflect/TypeToken;)Lcom/google/gson/TypeAdapter; @ 10
Event: 35.346 Thread 0x00000000022d7000 Uncommon trap: reason=null_check action=make_not_entrant pc=0x00000000030f5624 method=com.google.gson.Gson.getAdapter(Lcom/google/gson/reflect/TypeToken;)Lcom/google/gson/TypeAdapter; @ 10
Event: 35.346 Thread 0x00000000022d7000 Uncommon trap: reason=unreached action=reinterpret pc=0x00000000030ee810 method=com.google.gson.internal.$Gson$Types.equals(Ljava/lang/reflect/Type;Ljava/lang/reflect/Type;)Z @ 2
Event: 37.236 Thread 0x00000000022d7000 Uncommon trap: reason=unreached action=reinterpret pc=0x00000000030990cc method=java.util.concurrent.locks.AbstractQueuedSynchronizer.doReleaseShared()V @ 69
Event: 37.887 Thread 0x00000000022d7000 Uncommon trap: reason=class_check action=maybe_recompile pc=0x0000000003066aa8 method=java.util.HashMap.removeNode(ILjava/lang/Object;Ljava/lang/Object;ZZ)Ljava/util/HashMap$Node; @ 143
Event: 37.958 Thread 0x00000000022d7000 Uncommon trap: reason=unreached action=reinterpret pc=0x000000000306694c method=java.util.HashMap.removeNode(ILjava/lang/Object;Ljava/lang/Object;ZZ)Ljava/util/HashMap$Node; @ 89
Event: 38.789 Thread 0x00000000022d7000 Uncommon trap: reason=predicate action=maybe_recompile pc=0x000000000316b79c method=net.minecraft.client.renderer.block.statemap.StateMapperBase.getPropertyString(Ljava/util/Map;)Ljava/lang/String; @ 29
Event: 38.793 Thread 0x00000000022d7000 Uncommon trap: reason=unreached action=reinterpret pc=0x0000000002de6b68 method=java.util.HashMap$TreeNode.find(ILjava/lang/Object;Ljava/lang/Class;)Ljava/util/HashMap$TreeNode; @ 58

Internal exceptions (10 events):
Event: 40.010 Thread 0x00000000022d7000 Exception <a 'java/security/PrivilegedActionException'> (0x00000000e4af4c68) thrown at [D:\re\workspace\8-2-build-windows-amd64-cygwin\jdk8u25\1677\hotspot\src\share\vm\prims\jvm.cpp, line 1312]
Event: 40.011 Thread 0x00000000022d7000 Exception <a 'java/security/PrivilegedActionException'> (0x00000000e4af8d60) thrown at [D:\re\workspace\8-2-build-windows-amd64-cygwin\jdk8u25\1677\hotspot\src\share\vm\prims\jvm.cpp, line 1312]
Event: 40.013 Thread 0x00000000022d7000 Exception <a 'java/security/PrivilegedActionException'> (0x00000000e4b0b888) thrown at [D:\re\workspace\8-2-build-windows-amd64-cygwin\jdk8u25\1677\hotspot\src\share\vm\prims\jvm.cpp, line 1312]
Event: 40.018 Thread 0x00000000022d7000 NullPointerException at vtable entry 0x00000000024f1680
Event: 40.018 Thread 0x00000000022d7000 Exception <a 'java/lang/NullPointerException'> (0x00000000e4b7f560) thrown at [D:\re\workspace\8-2-build-windows-amd64-cygwin\jdk8u25\1677\hotspot\src\share\vm\runtime\sharedRuntime.cpp, line 604]
Event: 40.041 Thread 0x000000002b84b800 Exception <a 'java/security/PrivilegedActionException'> (0x00000000e4f281d0) thrown at [D:\re\workspace\8-2-build-windows-amd64-cygwin\jdk8u25\1677\hotspot\src\share\vm\prims\jvm.cpp, line 1312]
Event: 40.043 Thread 0x000000002b84b800 Exception <a 'java/security/PrivilegedActionException'> (0x00000000e4f2f310) thrown at [D:\re\workspace\8-2-build-windows-amd64-cygwin\jdk8u25\1677\hotspot\src\share\vm\prims\jvm.cpp, line 1312]
Event: 40.048 Thread 0x000000002b84b800 Exception <a 'java/security/PrivilegedActionException'> (0x00000000e4f35918) thrown at [D:\re\workspace\8-2-build-windows-amd64-cygwin\jdk8u25\1677\hotspot\src\share\vm\prims\jvm.cpp, line 1312]
Event: 40.054 Thread 0x000000002b849000 Exception <a 'java/security/PrivilegedActionException'> (0x00000000e5b01410) thrown at [D:\re\workspace\8-2-build-windows-amd64-cygwin\jdk8u25\1677\hotspot\src\share\vm\prims\jvm.cpp, line 1312]
Event: 40.056 Thread 0x000000002b849000 Exception <a 'java/security/PrivilegedActionException'> (0x00000000e5b072e0) thrown at [D:\re\workspace\8-2-build-windows-amd64-cygwin\jdk8u25\1677\hotspot\src\share\vm\prims\jvm.cpp, line 1312]

Events (10 events):
Event: 40.056 Thread 0x000000002b849000 DEOPT PACKING pc=0x00000000025bac94 sp=0x0000000034f5e8a0
Event: 40.056 Thread 0x000000002b849000 DEOPT UNPACKING pc=0x00000000024175bf sp=0x0000000034f5e5f8 mode 1
Event: 40.056 Thread 0x000000002b849000 DEOPT PACKING pc=0x000000000343a588 sp=0x0000000034f5e930
Event: 40.056 Thread 0x000000002b849000 DEOPT UNPACKING pc=0x00000000024175bf sp=0x0000000034f5e650 mode 1
Event: 40.056 Thread 0x000000002b849000 DEOPT PACKING pc=0x000000000264fc24 sp=0x0000000034f5f240
Event: 40.056 Thread 0x000000002b849000 DEOPT UNPACKING pc=0x00000000024175bf sp=0x0000000034f5ef88 mode 1
Event: 40.069 Thread 0x000000002b849000 Thread exited: 0x000000002b849000
Event: 40.073 Thread 0x0000000015c6f800 Thread exited: 0x0000000015c6f800
Event: 40.073 Thread 0x0000000015c52000 Thread exited: 0x0000000015c52000
Event: 40.073 Executing VM operation: Exit


Dynamic libraries:
0x00007ff71f310000 - 0x00007ff71f344000 	C:\Program Files (x86)\Minecraft\runtime\jre-x64\1.8.0_25\bin\javaw.exe
0x00007ffec2440000 - 0x00007ffec2601000 	C:\WINDOWS\SYSTEM32\ntdll.dll
0x00007ffec1810000 - 0x00007ffec18bd000 	C:\WINDOWS\system32\KERNEL32.DLL
0x00007ffebead0000 - 0x00007ffebecb8000 	C:\WINDOWS\system32\KERNELBASE.dll
0x00007ffec1470000 - 0x00007ffec1517000 	C:\WINDOWS\system32\ADVAPI32.dll
0x00007ffec1520000 - 0x00007ffec15bd000 	C:\WINDOWS\system32\msvcrt.dll
0x00007ffec23e0000 - 0x00007ffec243b000 	C:\WINDOWS\system32\sechost.dll
0x00007ffec16f0000 - 0x00007ffec180c000 	C:\WINDOWS\system32\RPCRT4.dll
0x00007ffec1f70000 - 0x00007ffec20c6000 	C:\WINDOWS\system32\USER32.dll
0x00007ffebf820000 - 0x00007ffebf9a6000 	C:\WINDOWS\system32\GDI32.dll
0x00007ffeaa830000 - 0x00007ffeaaaa4000 	C:\WINDOWS\WinSxS\amd64_microsoft.windows.common-controls_6595b64144ccf1df_6.0.10586.0_none_8c15ae12515e1c22\COMCTL32.dll
0x00007ffec1a70000 - 0x00007ffec1ced000 	C:\WINDOWS\system32\combase.dll
0x00007ffebf6b0000 - 0x00007ffebf71a000 	C:\WINDOWS\system32\bcryptPrimitives.dll
0x00007ffec1ea0000 - 0x00007ffec1edb000 	C:\WINDOWS\system32\IMM32.DLL
0x0000000053ce0000 - 0x0000000053db2000 	C:\Program Files (x86)\Minecraft\runtime\jre-x64\1.8.0_25\bin\msvcr100.dll
0x0000000052910000 - 0x000000005316a000 	C:\Program Files (x86)\Minecraft\runtime\jre-x64\1.8.0_25\bin\server\jvm.dll
0x00007ffec1030000 - 0x00007ffec1038000 	C:\WINDOWS\system32\PSAPI.DLL
0x00007ffebc770000 - 0x00007ffebc793000 	C:\WINDOWS\SYSTEM32\WINMM.dll
0x00007ffebd190000 - 0x00007ffebd199000 	C:\WINDOWS\SYSTEM32\WSOCK32.dll
0x00007ffebc710000 - 0x00007ffebc73c000 	C:\WINDOWS\SYSTEM32\WINMMBASE.dll
0x00007ffec1f00000 - 0x00007ffec1f6b000 	C:\WINDOWS\system32\WS2_32.dll
0x00007ffebf7d0000 - 0x00007ffebf813000 	C:\WINDOWS\system32\cfgmgr32.dll
0x0000000054010000 - 0x000000005401f000 	C:\Program Files (x86)\Minecraft\runtime\jre-x64\1.8.0_25\bin\verify.dll
0x0000000053fe0000 - 0x0000000054008000 	C:\Program Files (x86)\Minecraft\runtime\jre-x64\1.8.0_25\bin\java.dll
0x0000000053fa0000 - 0x0000000053fd5000 	C:\Program Files (x86)\Minecraft\runtime\jre-x64\1.8.0_25\bin\jdwp.dll
0x0000000053f90000 - 0x0000000053f98000 	C:\Program Files (x86)\Minecraft\runtime\jre-x64\1.8.0_25\bin\npt.dll
0x0000000053b90000 - 0x0000000053ba6000 	C:\Program Files (x86)\Minecraft\runtime\jre-x64\1.8.0_25\bin\zip.dll
0x00007ffebfad0000 - 0x00007ffec102f000 	C:\WINDOWS\system32\SHELL32.dll
0x00007ffebeda0000 - 0x00007ffebf3e4000 	C:\WINDOWS\system32\windows.storage.dll
0x00007ffec21f0000 - 0x00007ffec2242000 	C:\WINDOWS\system32\shlwapi.dll
0x00007ffebeaa0000 - 0x00007ffebeaaf000 	C:\WINDOWS\system32\kernel.appcore.dll
0x00007ffebece0000 - 0x00007ffebed95000 	C:\WINDOWS\system32\shcore.dll
0x00007ffebea40000 - 0x00007ffebea8b000 	C:\WINDOWS\system32\powrprof.dll
0x00007ffebeab0000 - 0x00007ffebeac4000 	C:\WINDOWS\system32\profapi.dll
0x0000000053c00000 - 0x0000000053c09000 	C:\Program Files (x86)\Minecraft\runtime\jre-x64\1.8.0_25\bin\dt_socket.dll
0x00007ffebcde0000 - 0x00007ffebcdf8000 	C:\WINDOWS\system32\NLAapi.dll
0x00007ffeb2330000 - 0x00007ffeb2346000 	C:\WINDOWS\system32\napinsp.dll
0x00007ffeb01e0000 - 0x00007ffeb01fa000 	C:\WINDOWS\system32\pnrpnsp.dll
0x00007ffebe310000 - 0x00007ffebe36c000 	C:\WINDOWS\System32\mswsock.dll
0x00007ffebd460000 - 0x00007ffebd50a000 	C:\WINDOWS\SYSTEM32\DNSAPI.dll
0x00007ffec2270000 - 0x00007ffec2278000 	C:\WINDOWS\system32\NSI.dll
0x00007ffeb0080000 - 0x00007ffeb008d000 	C:\WINDOWS\System32\winrnr.dll
0x00007ffebb8b0000 - 0x00007ffebb8c5000 	C:\WINDOWS\System32\wshbth.dll
0x00000000541a0000 - 0x00000000541c6000 	C:\Program Files\Bonjour\mdnsNSP.dll
0x00007ffebb300000 - 0x00007ffebb338000 	C:\WINDOWS\SYSTEM32\Iphlpapi.DLL
0x00007ffeb9000000 - 0x00007ffeb9067000 	C:\WINDOWS\System32\fwpuclnt.dll
0x00007ffebe970000 - 0x00007ffebe999000 	C:\WINDOWS\SYSTEM32\bcrypt.dll
0x00007ffeb4570000 - 0x00007ffeb457a000 	C:\Windows\System32\rasadhlp.dll
0x0000000053b80000 - 0x0000000053b8d000 	C:\Program Files (x86)\Minecraft\runtime\jre-x64\1.8.0_25\bin\management.dll
0x0000000053b60000 - 0x0000000053b7a000 	C:\Program Files (x86)\Minecraft\runtime\jre-x64\1.8.0_25\bin\net.dll
0x0000000053b40000 - 0x0000000053b51000 	C:\Program Files (x86)\Minecraft\runtime\jre-x64\1.8.0_25\bin\nio.dll
0x00007ffebe3c0000 - 0x00007ffebe3d7000 	C:\WINDOWS\SYSTEM32\CRYPTSP.dll
0x00007ffebe050000 - 0x00007ffebe084000 	C:\WINDOWS\system32\rsaenh.dll
0x00007ffebe1a0000 - 0x00007ffebe1bf000 	C:\WINDOWS\SYSTEM32\USERENV.dll
0x00007ffebe4e0000 - 0x00007ffebe4eb000 	C:\WINDOWS\SYSTEM32\CRYPTBASE.dll
0x00007ffeb8ec0000 - 0x00007ffeb8ed6000 	C:\WINDOWS\SYSTEM32\dhcpcsvc6.DLL
0x00007ffeb8f80000 - 0x00007ffeb8f9a000 	C:\WINDOWS\SYSTEM32\dhcpcsvc.DLL
0x00007ffeb46c0000 - 0x00007ffeb46ca000 	C:\Users\Zach\AppData\Local\Temp\jansi-64-1915857105167899764.dll
0x0000000053b10000 - 0x0000000053b34000 	C:\Program Files (x86)\Minecraft\runtime\jre-x64\1.8.0_25\bin\sunec.dll
0x0000000180000000 - 0x0000000180053000 	C:\Users\Zach\.gradle\caches\minecraft\net\minecraft\natives\1.8.9\lwjgl64.dll
0x00007ffea18b0000 - 0x00007ffea19d9000 	C:\WINDOWS\SYSTEM32\OPENGL32.dll
0x00007ffeb3c10000 - 0x00007ffeb3c1a000 	C:\WINDOWS\SYSTEM32\VERSION.dll
0x00007ffeb4690000 - 0x00007ffeb46be000 	C:\WINDOWS\SYSTEM32\GLU32.dll
0x00007ffea17b0000 - 0x00007ffea18aa000 	C:\WINDOWS\SYSTEM32\DDRAW.dll
0x00007ffeb4680000 - 0x00007ffeb4688000 	C:\WINDOWS\SYSTEM32\DCIMAN32.dll
0x0000000052770000 - 0x0000000052908000 	C:\Program Files (x86)\Minecraft\runtime\jre-x64\1.8.0_25\bin\awt.dll
0x00007ffec1620000 - 0x00007ffec16e1000 	C:\WINDOWS\system32\OLEAUT32.dll
0x00007ffebd210000 - 0x00007ffebd289000 	C:\WINDOWS\system32\apphelp.dll
0x00007ffebd350000 - 0x00007ffebd3e6000 	C:\WINDOWS\system32\uxtheme.dll
0x00007ffec2280000 - 0x00007ffec23da000 	C:\WINDOWS\system32\MSCTF.dll
0x00007ffebb760000 - 0x00007ffebb782000 	C:\WINDOWS\system32\dwmapi.dll
0x00007ffe8fe20000 - 0x00007ffe90aa4000 	C:\WINDOWS\SYSTEM32\ig4icd64.dll
0x00007ffea1b10000 - 0x00007ffea1ba1000 	C:\WINDOWS\SYSTEM32\mscms.dll
0x00007ffea1760000 - 0x00007ffea17a2000 	C:\WINDOWS\SYSTEM32\icm32.dll
0x000000001bb20000 - 0x000000001bb58000 	C:\Users\Zach\AppData\Local\Temp\jna\jna1204976474652782495.dll
0x0000000070a40000 - 0x0000000070adc000 	C:\Users\Zach\.gradle\caches\minecraft\net\minecraft\natives\1.8.9\avutil-ttv-51.dll
0x0000000065980000 - 0x00000000659d6000 	C:\Users\Zach\.gradle\caches\minecraft\net\minecraft\natives\1.8.9\swresample-ttv-0.dll
0x000000006eb80000 - 0x000000006ec50000 	C:\Users\Zach\.gradle\caches\minecraft\net\minecraft\natives\1.8.9\libmp3lame-ttv.dll
0x00007ffe8cdd0000 - 0x00007ffe8e174000 	C:\Users\Zach\.gradle\caches\minecraft\net\minecraft\natives\1.8.9\libmfxsw64.dll
0x00007ffe9f200000 - 0x00007ffe9f36d000 	C:\Users\Zach\.gradle\caches\minecraft\net\minecraft\natives\1.8.9\twitchsdk.dll
0x00007ffec18c0000 - 0x00007ffec1a03000 	C:\WINDOWS\system32\ole32.dll
0x00007ffeaf510000 - 0x00007ffeaf79e000 	C:\WINDOWS\SYSTEM32\WININET.dll
0x0000000020a10000 - 0x0000000020a74000 	C:\Users\Zach\.gradle\caches\minecraft\net\minecraft\natives\1.8.9\OpenAL64.dll
0x00007ffebfa20000 - 0x00007ffebfac7000 	C:\WINDOWS\system32\clbcatq.dll
0x00007ffebb4f0000 - 0x00007ffebb560000 	C:\WINDOWS\System32\MMDevApi.dll
0x00007ffebd510000 - 0x00007ffebd537000 	C:\WINDOWS\System32\DEVOBJ.dll
0x00007ffebb980000 - 0x00007ffebbb06000 	C:\WINDOWS\System32\PROPSYS.dll
0x00007ffea16c0000 - 0x00007ffea175c000 	C:\WINDOWS\SYSTEM32\dsound.dll
0x00007ffeb7f60000 - 0x00007ffeb7fe8000 	C:\WINDOWS\SYSTEM32\AUDIOSES.DLL
0x00007ffeb9070000 - 0x00007ffeb91a6000 	C:\WINDOWS\SYSTEM32\wintypes.dll
0x00007ffe9d410000 - 0x00007ffe9d59c000 	C:\WINDOWS\SYSTEM32\dbghelp.dll

VM Arguments:
jvm_args: -agentlib:jdwp=transport=dt_socket,suspend=y,address=localhost:59709 -DFORGE_FORCE_FRAME_RECALC=true -Dfile.encoding=Cp1252 
java_command: GradleStart --username zdowding@gmail.com --password Harrypotter2 --userProperties={}
java_class_path (initial): C:\Users\Zach\Documents\Development\MinecraftDevelopment\Mods\EDM-1.8.9\bin;C:\Users\Zach\.gradle\caches\minecraft\net\minecraftforge\forge\1.8.9-11.15.1.1722\stable\20\forgeBin-1.8.9-11.15.1.1722.jar;C:\Users\Zach\.gradle\caches\modules-2\files-2.1\oshi-project\oshi-core\1.1\9ddf7b048a8d701be231c0f4f95fd986198fd2d8\oshi-core-1.1.jar;C:\Users\Zach\.gradle\caches\modules-2\files-2.1\net.java.dev.jna\jna\3.4.0\803ff252fedbd395baffd43b37341dc4a150a554\jna-3.4.0.jar;C:\Users\Zach\.gradle\caches\modules-2\files-2.1\net.java.dev.jna\platform\3.4.0\e3f70017be8100d3d6923f50b3d2ee17714e9c13\platform-3.4.0.jar;C:\Users\Zach\.gradle\caches\modules-2\files-2.1\com.ibm.icu\icu4j-core-mojang\51.2\63d216a9311cca6be337c1e458e587f99d382b84\icu4j-core-mojang-51.2.jar;C:\Users\Zach\.gradle\caches\modules-2\files-2.1\net.sf.jopt-simple\jopt-simple\4.6\306816fb57cf94f108a43c95731b08934dcae15c\jopt-simple-4.6.jar;C:\Users\Zach\.gradle\caches\modules-2\files-2.1\com.paulscode\codecjorbis\20101023\c73b5636faf089d9f00e8732a829577de25237ee\codecjorbis-20101023.jar;C:\Users\Zach\.gradle\caches\modules-2\files-2.1\com.paulscode\codecwav\20101023\12f031cfe88fef5c1dd36c563c0a3a69bd7261da\codecwav-20101023.jar;C:\Users\Zach\.gradle\caches\modules-2\files-2.1\com.paulscode\libraryjavasound\20101123\5c5e304366f75f9eaa2e8cca546a1fb6109348b3\libraryjavasound-20101123.jar;C:\Users\Zach\.gradle\caches\modules-2\files-2.1\com.paulscode\librarylwjglopenal\20100824\73e80d0794c39665aec3f62eee88ca91676674ef\librarylwjglopenal-20100824.jar;C:\Users\Zach\.gradle\caches\modules-2\files-2.1\com.paulscode\soundsystem\20120107\419c05fe9be71f792b2d76cfc9b67f1ed0fec7f6\soundsystem-20120107.jar;C:\Users\Zach\.gradle\caches\modules-2\files-2.1\io.netty\netty-all\4.0.23.Final\294104aaf1781d6a56a07d561e792c5d0c95f45\netty-all-4.0.23.Final.jar;C:\Users\Zach\.gradle\caches\modules-2\files-2.1\com.google.guava\guava\17.0\9c6ef172e8de35fd8d4d8783e4821e57cdef7445\guava-17.0.jar;C:\Users\Zach\.gr
Launcher Type: SUN_STANDARD

Environment Variables:
JAVA_HOME=C:\Program Files\Java\jre1.8.0_66
PATH=C:/Program Files/Java/jre1.8.0_71/bin/server;C:/Program Files/Java/jre1.8.0_71/bin;C:/Program Files/Java/jre1.8.0_71/lib/amd64;C:\Python27\;C:\Python27\Scripts;C:\ProgramData\Oracle\Java\javapath;C:\Program Files (x86)\iis express\PHP\v5.3;C:\Program Files\Common Files\Microsoft Shared\Windows Live;C:\Program Files (x86)\Common Files\Microsoft Shared\Windows Live;C:\Windows\system32;C:\Windows;C:\Windows\System32\Wbem;C:\Windows\System32\WindowsPowerShell\v1.0\;C:\Program Files\Intel\WiFi\bin\;C:\Program Files\Common Files\Intel\WirelessCommon\;C:\Program Files (x86)\Common Files\Roxio Shared\DLLShared\;C:\Program Files (x86)\Common Files\Roxio Shared\OEM\DLLShared\;C:\Program Files (x86)\Common Files\Roxio Shared\OEM\12.0\DLLShared\;C:\Program Files (x86)\Roxio\OEM\AudioCore\;C:\Program Files (x86)\Windows Live\Shared;C:\Program Files\Microsoft SQL Server\120\Tools\Binn\;C:\Program Files (x86)\GtkSharp\2.12\bin;C:\Program Files (x86)\Skype\Phone\;C:\Users\Zach\AppData\;C:\WINDOWS\system32;C:\WINDOWS;C:\WINDOWS\System32\Wbem;C:\WINDOWS\System32\WindowsPowerShell\v1.0\;C:\Program Files (x86)\Windows Kits\10\Windows Performance Toolkit\;C:\Program Files (x86)\Microsoft Team Foundation Server 2015 Power Tools\;C:\Program Files\Microsoft SQL Server\110\Tools\Binn\;C:\Program Files (x86)\nodejs\;C:\Program Files\Microsoft\Web Platform Installer\;C:\Program Files (x86)\Inno Setup 5\;C:\Program Files\Dart\dart-sdk\bin;C:\Ant\bin;C:\HaxeToolkit\haxe\;C:\HaxeToolkit\neko;C:\Strawberry\c\bin;C:\Strawberry\perl\site\bin;C:\Strawberry\perl\bin;C:\Program Files (x86)\scala\bin;C:\Program Files\erl7.0\bin;C:\Program Files (x86)\Elixir\bin;C:\Ruby22-x64\bin;C:\Users\Zach\AppData\Roaming\npm; C:\Program Files (x86)\Inno Setup 5;C:\Program Files (x86)\Microsoft VS Code\bin;C:\GNUstep\bin;C:\GNUstep\GNUstep\System\Tools;C:\Users\Zach\AppData\Local\atom\bin;C:\Users\Zach\AppData\Local\Julia-0.4.1\bin;C:\Users\Zach\Documents\Development\eclipse;
USERNAME=Zach
OS=Windows_NT
PROCESSOR_IDENTIFIER=Intel64 Family 6 Model 42 Stepping 7, GenuineIntel



---------------  S Y S T E M  ---------------

OS: Windows 8.1 , 64 bit Build 9600 

CPU:total 4 (2 cores per cpu, 2 threads per core) family 6 model 42 stepping 7, cmov, cx8, fxsr, mmx, sse, sse2, sse3, ssse3, sse4.1, sse4.2, popcnt, avx, clmul, ht, tsc, tscinvbit

Memory: 4k page, physical 6175728k(2171548k free), swap 12467184k(7272548k free)

vm_info: Java HotSpot(TM) 64-Bit Server VM (25.25-b02) for windows-amd64 JRE (1.8.0_25-b18), built on Oct  7 2014 14:25:37 by "java_re" with MS VC++ 10.0 (VS2010)

time: Mon Feb 01 20:14:17 2016
elapsed time: 40 seconds (0d 0h 0m 40s)

